<?xml version="1.0" encoding="utf-8"?><testsuites name="pytest tests"><testsuite name="pytest" errors="0" failures="0" skipped="0" tests="14" time="6.196" timestamp="2026-04-20T21:49:17.325527+00:00" hostname="agent-env-46f95d42-5fd6-4b50-9057-08a57a221843"><testcase classname="backend.tests.test_iteration7.TestAdminPricingShape" name="test_get_pricing_has_new_fields" time="0.633" /><testcase classname="backend.tests.test_iteration7.TestAdminPricingShape" name="test_non_admin_gets_403" time="0.506" /><testcase classname="backend.tests.test_iteration7.TestAdminPricingUpdate" name="test_put_rejects_discount_out_of_range" time="0.251" /><testcase classname="backend.tests.test_iteration7.TestAdminPricingUpdate" name="test_put_updates_and_returns_four_plan_ids" time="0.448" /><testcase classname="backend.tests.test_iteration7.TestBillingConfigFourPlans" name="test_returns_four_plan_ids" time="0.565" /><testcase classname="backend.tests.test_iteration7.TestBillingActivateCycle" name="test_activate_accepts_cycle_yearly_but_fails_paypal_lookup" time="0.813" /><testcase classname="backend.tests.test_iteration7.TestBillingActivateCycle" name="test_activate_default_cycle_monthly" time="0.525" /><testcase classname="backend.tests.test_iteration7.TestBillingActivateCycle" name="test_activate_rejects_invalid_cycle" time="0.116" /><testcase classname="backend.tests.test_iteration7.TestAdminLoginsDelete" name="test_non_admin_cannot_clear_logins" time="0.113" /><testcase classname="backend.tests.test_iteration7.TestAdminLoginsDelete" name="test_non_admin_cannot_delete_selected" time="0.132" /><testcase classname="backend.tests.test_iteration7.TestAdminLoginsDelete" name="test_delete_selected_subset" time="1.075" /><testcase classname="backend.tests.test_iteration7.TestAdminLoginsDelete" name="test_delete_selected_requires_ids" time="0.113" /><testcase classname="backend.tests.test_iteration7.TestAdminLoginsDelete" name="test_clear_all_login_events" time="0.607" /><testcase classname="backend.tests.test_iteration7.TestPlansYearly" name="test_plans_includes_yearly_and_discount" time="0.232" /></testsuite></testsuites>