<?xml version="1.0" encoding="utf-8"?><testsuites name="pytest tests"><testsuite name="pytest" errors="0" failures="0" skipped="0" tests="6" time="3.011" timestamp="2026-04-24T15:12:21.953162+00:00" hostname="agent-env-46f95d42-5fd6-4b50-9057-08a57a221843"><testcase classname="backend.tests.test_auto_scan.TestAutoScanGet" name="test_admin_get_shape" time="0.580" /><testcase classname="backend.tests.test_auto_scan.TestAutoScanGet" name="test_free_user_get_shows_not_eligible" time="0.553" /><testcase classname="backend.tests.test_auto_scan.TestAutoScanToggle" name="test_admin_enable_then_disable_persists" time="0.489" /><testcase classname="backend.tests.test_auto_scan.TestAutoScanGates" name="test_free_user_gets_402" time="0.154" /><testcase classname="backend.tests.test_auto_scan.TestAutoScanGates" name="test_pro_without_telegram_gets_400" time="0.584" /><testcase classname="backend.tests.test_auto_scan.TestAutoScanServiceModule" name="test_module_imports_and_callable" time="0.581" /></testsuite></testsuites>