<?xml version="1.0" encoding="utf-8"?><testsuites name="pytest tests"><testsuite name="pytest" errors="0" failures="0" skipped="0" tests="58" time="115.589" timestamp="2026-05-07T03:57:02.622795+00:00" hostname="agent-env-46f95d42-5fd6-4b50-9057-08a57a221843"><testcase classname="tests.test_stockkids_v1alpha.TestKidsSignup" name="test_signup_happy" time="0.427" /><testcase classname="tests.test_stockkids_v1alpha.TestKidsSignup" name="test_signup_age_floor_under_13" time="0.105" /><testcase classname="tests.test_stockkids_v1alpha.TestKidsSignup" name="test_signup_duplicate_email" time="0.494" /><testcase classname="tests.test_stockkids_v1alpha.TestKidsSignup" name="test_signup_bad_birthdate" time="0.120" /><testcase classname="tests.test_stockkids_v1alpha.TestKidsLoginMe" name="test_login_wrong_password" time="0.369" /><testcase classname="tests.test_stockkids_v1alpha.TestKidsLoginMe" name="test_login_success" time="0.337" /><testcase classname="tests.test_stockkids_v1alpha.TestKidsLoginMe" name="test_me" time="0.122" /><testcase classname="tests.test_stockkids_v1alpha.TestJwtIsolation" name="test_adult_token_rejected_on_kids_route" time="0.465" /><testcase classname="tests.test_stockkids_v1alpha.TestJwtIsolation" name="test_kid_token_rejected_on_adult_route" time="0.111" /><testcase classname="tests.test_stockkids_v1alpha.TestJwtIsolation" name="test_kids_route_no_token" time="0.106" /><testcase classname="tests.test_stockkids_v1alpha.TestKidsTradable" name="test_tradable_list" time="0.121" /><testcase classname="tests.test_stockkids_v1alpha.TestKidsTradable" name="test_portfolio_returns_balance" time="0.119" /><testcase classname="tests.test_stockkids_v1alpha.TestKidsTrades" name="test_buy_invalid_ticker" time="0.523" /><testcase classname="tests.test_stockkids_v1alpha.TestKidsTrades" name="test_sell_with_no_holdings" time="0.132" /><testcase classname="tests.test_stockkids_v1alpha.TestKidsTrades" name="test_buy_insufficient_sc" time="0.114" /><testcase classname="tests.test_stockkids_v1alpha.TestKidsTrades" name="test_buy_then_portfolio_then_sell" time="0.453" /><testcase classname="tests.test_stockkids_v1alpha.TestKidsWatchlist" name="test_add_idempotent_then_get_then_delete" time="0.954" /><testcase classname="tests.test_stockkids_v1alpha.TestKidsWatchlist" name="test_invalid_ticker" time="0.122" /><testcase classname="tests.test_stockkids_v1alpha.TestKidsAnalyze" name="test_analyze_aapl_returns_kid_view" time="18.771" /><testcase classname="tests.test_stockkids_v1alpha.TestKidsAnalyze" name="test_analyze_invalid_ticker" time="0.132" /><testcase classname="tests.test_stockkids_v1beta.TestSignupTiers" name="test_under13_with_parent_returns_awaiting" time="0.629" /><testcase classname="tests.test_stockkids_v1beta.TestSignupTiers" name="test_under13_without_parent_email_400" time="0.052" /><testcase classname="tests.test_stockkids_v1beta.TestSignupTiers" name="test_under8_rejected" time="0.049" /><testcase classname="tests.test_stockkids_v1beta.TestSignupTiers" name="test_age13_instant_active" time="0.274" /><testcase classname="tests.test_stockkids_v1beta.TestSignupTiers" name="test_age18_instant_active" time="0.273" /><testcase classname="tests.test_stockkids_v1beta.TestLoginGate" name="test_login_awaiting_returns_403" time="0.730" /><testcase classname="tests.test_stockkids_v1beta.TestLoginGate" name="test_login_wrong_pw_on_awaiting_returns_401" time="0.278" /><testcase classname="tests.test_stockkids_v1beta.TestParentalConsent" name="test_full_consent_flow" time="1.194" /><testcase classname="tests.test_stockkids_v1beta.TestParentalConsent" name="test_resend_supersedes_old_token" time="0.797" /><testcase classname="tests.test_stockkids_v1beta.TestParentalConsent" name="test_resend_on_active_kid_no_leak" time="0.338" /><testcase classname="tests.test_stockkids_v1beta.TestParentalConsent" name="test_resend_on_nonexistent_no_leak" time="0.064" /><testcase classname="tests.test_stockkids_v1beta.TestJournal" name="test_first_journal_awards_bonus" time="0.849" /><testcase classname="tests.test_stockkids_v1beta.TestJournal" name="test_journal_idempotent" time="0.233" /><testcase classname="tests.test_stockkids_v1beta.TestJournal" name="test_empty_why_422" time="0.054" /><testcase classname="tests.test_stockkids_v1beta.TestJournal" name="test_journal_unknown_trade_404" time="0.052" /><testcase classname="tests.test_stockkids_v1beta.TestJournal" name="test_get_journal_unknown_404" time="0.052" /><testcase classname="tests.test_stockkids_v1beta.TestJournal" name="test_list_journals_filtered" time="0.053" /><testcase classname="tests.test_stockkids_v1beta.TestJournal" name="test_daily_cap" time="0.292" /><testcase classname="tests.test_stockkids_v1beta.TestJournal" name="test_jwt_isolation_adult_token_rejected" time="0.336" /><testcase classname="tests.test_stockkids_v11_bilingual.TestPublicPreviewLang" name="test_preview_default_en" time="16.974" /><testcase classname="tests.test_stockkids_v11_bilingual.TestPublicPreviewLang" name="test_preview_lang_en" time="0.144" /><testcase classname="tests.test_stockkids_v11_bilingual.TestPublicPreviewLang" name="test_preview_lang_id_returns_indonesian" time="22.390" /><testcase classname="tests.test_stockkids_v11_bilingual.TestPublicPreviewLang" name="test_preview_lang_unsupported_coerced_to_en" time="0.186" /><testcase classname="tests.test_stockkids_v11_bilingual.TestPublicPreviewLang" name="test_preview_lang_uppercase_ID_coerced_to_en" time="0.127" /><testcase classname="tests.test_stockkids_v11_bilingual.TestPublicPreviewLang" name="test_cache_isolation_en_then_id_then_en" time="0.319" /><testcase classname="tests.test_stockkids_v11_bilingual.TestSignupLang" name="test_signup_lang_id_persists_and_email_logged_id" time="0.561" /><testcase classname="tests.test_stockkids_v11_bilingual.TestSignupLang" name="test_signup_lang_en_default_preserved" time="0.364" /><testcase classname="tests.test_stockkids_v11_bilingual.TestSignupLang" name="test_signup_lang_invalid_es_returns_422" time="0.147" /><testcase classname="tests.test_stockkids_v11_bilingual.TestConsentLang" name="test_parental_consent_submit_with_lang_id" time="0.865" /><testcase classname="tests.test_stockkids_v11_bilingual.TestConsentLang" name="test_resend_consent_with_lang_id" time="0.822" /><testcase classname="tests.test_stockkids_v11_bilingual.TestConsentLang" name="test_resend_consent_without_lang_defaults_en" time="0.805" /><testcase classname="tests.test_stockkids_v11_bilingual.TestAnalyzeLang" name="test_analyze_lang_id_returns_indonesian" time="22.837" /><testcase classname="tests.test_stockkids_v11_bilingual.TestAnalyzeLang" name="test_analyze_no_lang_defaults_en" time="16.472" /><testcase classname="tests.test_gal" name="test_translate_for_age_uses_correct_band_spec" time="1.691" /><testcase classname="tests.test_gal" name="test_translate_for_age_high_school_band_does_not_oversimplify" time="0.001" /><testcase classname="tests.test_gal" name="test_translate_for_age_handles_llm_garbage_gracefully" time="0.001" /><testcase classname="tests.test_gal" name="test_translate_for_age_rejects_invalid_age_band" time="0.001" /><testcase classname="tests.test_gal" name="test_slim_adult_nsi_strips_oversize_fields" time="0.000" /></testsuite></testsuites>