<?xml version="1.0" encoding="utf-8"?><testsuites name="pytest tests"><testsuite name="pytest" errors="0" failures="0" skipped="0" tests="22" time="12.133" timestamp="2026-04-20T21:18:13.096375+00:00" hostname="agent-env-46f95d42-5fd6-4b50-9057-08a57a221843"><testcase classname="backend.tests.test_iteration6.TestPlansLive" name="test_plans_returns_share_per_day" time="0.223" /><testcase classname="backend.tests.test_iteration6.TestBillingConfig" name="test_requires_auth" time="0.127" /><testcase classname="backend.tests.test_iteration6.TestBillingConfig" name="test_returns_plan_ids_and_prices" time="0.468" /><testcase classname="backend.tests.test_iteration6.TestBillingActivate" name="test_invalid_subscription_id_returns_502_or_400" time="0.800" /><testcase classname="backend.tests.test_iteration6.TestBillingCancel" name="test_no_subscription_returns_400" time="0.494" /><testcase classname="backend.tests.test_iteration6.TestBillingWebhook" name="test_unverified_webhook_logs_but_doesnt_mutate" time="0.120" /><testcase classname="backend.tests.test_iteration6.TestBillingWebhook" name="test_invalid_json_body" time="0.132" /><testcase classname="backend.tests.test_iteration6.TestPlanUpgrade" name="test_non_admin_cannot_upgrade_to_pro" time="0.572" /><testcase classname="backend.tests.test_iteration6.TestPlanUpgrade" name="test_non_admin_cannot_upgrade_to_elite" time="0.597" /><testcase classname="backend.tests.test_iteration6.TestPlanUpgrade" name="test_downgrade_to_free_allowed" time="0.619" /><testcase classname="backend.tests.test_iteration6.TestPlanUpgrade" name="test_admin_can_upgrade_directly" time="0.480" /><testcase classname="backend.tests.test_iteration6.TestAdminPricing" name="test_get_pricing_admin" time="0.126" /><testcase classname="backend.tests.test_iteration6.TestAdminPricing" name="test_get_pricing_non_admin_403" time="0.125" /><testcase classname="backend.tests.test_iteration6.TestAdminPricing" name="test_put_pricing_updates_and_returns_plan_ids" time="3.795" /><testcase classname="backend.tests.test_iteration6.TestAdminPricing" name="test_put_pricing_validation_negative" time="0.112" /><testcase classname="backend.tests.test_iteration6.TestAdminUserDelete" name="test_delete_non_admin_user_cascades" time="1.634" /><testcase classname="backend.tests.test_iteration6.TestAdminUserDelete" name="test_delete_admin_blocked_403" time="0.242" /><testcase classname="backend.tests.test_iteration6.TestAdminUserDelete" name="test_delete_unknown_user_404" time="0.143" /><testcase classname="backend.tests.test_iteration6.TestAdminUserDelete" name="test_non_admin_delete_forbidden" time="0.605" /><testcase classname="backend.tests.test_iteration6.TestAdminClearAlerts" name="test_clear_alerts_returns_count" time="0.228" /><testcase classname="backend.tests.test_iteration6.TestAdminClearAlerts" name="test_clear_alerts_forbidden_for_non_admin" time="0.249" /><testcase classname="backend.tests.test_iteration6.TestShareRateLimit" name="test_free_user_share_blocked_by_quota_or_limit" time="0.140" /></testsuite></testsuites>