<?xml version="1.0" encoding="utf-8"?><testsuites name="pytest tests"><testsuite name="pytest" errors="0" failures="1" skipped="1" tests="15" time="165.266" timestamp="2026-04-20T10:13:53.270674+00:00" hostname="agent-env-46f95d42-5fd6-4b50-9057-08a57a221843"><testcase classname="backend.tests.test_iteration4.TestDisclaimerBasic" name="test_get_disclaimer_requires_auth" time="0.185" /><testcase classname="backend.tests.test_iteration4.TestDisclaimerBasic" name="test_post_accept_requires_auth" time="0.129" /><testcase classname="backend.tests.test_iteration4.TestDisclaimerBasic" name="test_get_disclaimer_fresh_user_shape" time="0.386" /><testcase classname="backend.tests.test_iteration4.TestDisclaimerBasic" name="test_accept_sets_version_and_timestamp" time="0.419" /><testcase classname="backend.tests.test_iteration4.TestDisclaimerBasic" name="test_accept_idempotent" time="0.421" /><testcase classname="backend.tests.test_iteration4.TestDisclaimerGate" name="test_single_analysis_blocked_without_accept" time="0.370" /><testcase classname="backend.tests.test_iteration4.TestDisclaimerGate" name="test_quick_analyze_blocked_without_accept" time="0.377" /><testcase classname="backend.tests.test_iteration4.TestDisclaimerGate" name="test_gate_version_consistent_with_get" time="0.426" /><testcase classname="backend.tests.test_iteration4.TestDisclaimerGate" name="test_gate_bottom_kind_also_blocked" time="0.395" /><testcase classname="backend.tests.test_iteration4.TestDisclaimerGate" name="test_gate_comes_before_plan_check_for_free_user" time="0.411" /><testcase classname="backend.tests.test_iteration4.TestDisclaimerGate" name="test_gate_comes_before_plan_check_for_pro_user" time="0.790" /><testcase classname="backend.tests.test_iteration4.TestSingleAnalysisAfterAccept" name="test_accept_then_single_analysis_proceeds" time="31.500" /><testcase classname="backend.tests.test_iteration4.TestQuickAnalyzeSummary" name="test_pro_accepted_quick_top_returns_summary_shape" time="60.573"><failure message="AssertionError: ingress 502: The preview environment is not responding. It may be starting up.&#10;  &#10;assert 502 not in (502,)&#10; +  where 502 = &lt;Response [502]&gt;.status_code">backend/tests/test_iteration4.py:271: in test_pro_accepted_quick_top_returns_summary_shape
    assert r.status_code not in (502,), f"ingress 502: {r.text[:200]}"
E   AssertionError: ingress 502: The preview environment is not responding. It may be starting up.
E     
E   assert 502 not in (502,)
E    +  where 502 = &lt;Response [502]&gt;.status_code</failure></testcase><testcase classname="backend.tests.test_iteration4.TestQuickAnalyzeSummary" name="test_timeout_results_have_proper_shape" time="64.204"><skipped type="pytest.skip" message="cannot verify timeout shape when call not 200 (got 502)">/app/backend/tests/test_iteration4.py:302: cannot verify timeout shape when call not 200 (got 502)</skipped></testcase><testcase classname="backend.tests.test_iteration4.TestAdminGateObservation" name="test_admin_not_bypassed_by_gate" time="4.557" /></testsuite></testsuites>