<?xml version="1.0" encoding="utf-8"?><testsuites name="pytest tests"><testsuite name="pytest" errors="0" failures="3" skipped="1" tests="99" time="417.958" timestamp="2026-04-20T10:21:09.596448+00:00" hostname="agent-env-46f95d42-5fd6-4b50-9057-08a57a221843"><testcase classname="backend.tests.backend_test.TestHealth" name="test_root" time="0.157" /><testcase classname="backend.tests.backend_test.TestAuth" name="test_register_returns_token_and_user" time="0.388" /><testcase classname="backend.tests.backend_test.TestAuth" name="test_register_duplicate_email" time="0.046" /><testcase classname="backend.tests.backend_test.TestAuth" name="test_login_success" time="0.319" /><testcase classname="backend.tests.backend_test.TestAuth" name="test_login_invalid" time="0.330" /><testcase classname="backend.tests.backend_test.TestAuth" name="test_me_requires_auth" time="0.106" /><testcase classname="backend.tests.backend_test.TestAuth" name="test_me_returns_user" time="0.047" /><testcase classname="backend.tests.backend_test.TestStocks" name="test_search_with_query" time="0.051" /><testcase classname="backend.tests.backend_test.TestStocks" name="test_search_empty_returns_popular" time="0.046" /><testcase classname="backend.tests.backend_test.TestStocks" name="test_quote_requires_auth" time="0.108" /><testcase classname="backend.tests.backend_test.TestStocks" name="test_quote_aapl" time="0.657" /><testcase classname="backend.tests.backend_test.TestStocks" name="test_history" time="0.193" /><testcase classname="backend.tests.backend_test.TestWatchlist" name="test_add_aapl" time="0.160" /><testcase classname="backend.tests.backend_test.TestWatchlist" name="test_list_watchlist" time="0.045" /><testcase classname="backend.tests.backend_test.TestWatchlist" name="test_add_duplicate_returns_400" time="0.047" /><testcase classname="backend.tests.backend_test.TestWatchlist" name="test_add_invalid_ticker_returns_404" time="0.951" /><testcase classname="backend.tests.backend_test.TestWatchlist" name="test_fill_to_max_then_exceed" time="2.159" /><testcase classname="backend.tests.backend_test.TestWatchlist" name="test_live_watchlist" time="0.602" /><testcase classname="backend.tests.backend_test.TestWatchlist" name="test_delete_watchlist" time="0.090" /><testcase classname="backend.tests.backend_test.TestAnalysis" name="test_analysis_shape" time="36.155" /><testcase classname="backend.tests.backend_test.TestAnalysis" name="test_latest" time="0.052" /><testcase classname="backend.tests.backend_test.TestAnalysis" name="test_history" time="0.047" /><testcase classname="backend.tests.backend_test.TestAnalysis" name="test_quick_top" time="60.180"><failure message="AssertionError: The preview environment is not responding. It may be starting up.&#10;  &#10;assert 502 == 200&#10; +  where 502 = &lt;Response [502]&gt;.status_code">E   AssertionError: The preview environment is not responding. It may be starting up.
      
    assert 502 == 200
     +  where 502 = &lt;Response [502]&gt;.status_code</failure></testcase><testcase classname="backend.tests.backend_test.TestAnalysis" name="test_quick_bottom_empty_watchlist" time="6.931" /><testcase classname="backend.tests.backend_test.TestAlerts" name="test_list_alerts" time="0.066" /><testcase classname="backend.tests.backend_test.TestAlerts" name="test_read_all" time="0.046" /><testcase classname="backend.tests.backend_test.TestAlerts" name="test_read_nonexistent_alert" time="0.046" /><testcase classname="backend.tests.backend_test.TestAuthEnforcement" name="test_requires_auth[GET-/auth/me]" time="0.149" /><testcase classname="backend.tests.backend_test.TestAuthEnforcement" name="test_requires_auth[GET-/stocks/AAPL/quote]" time="0.127" /><testcase classname="backend.tests.backend_test.TestAuthEnforcement" name="test_requires_auth[GET-/stocks/AAPL/history]" time="0.101" /><testcase classname="backend.tests.backend_test.TestAuthEnforcement" name="test_requires_auth[GET-/watchlist]" time="0.103" /><testcase classname="backend.tests.backend_test.TestAuthEnforcement" name="test_requires_auth[POST-/watchlist]" time="0.102" /><testcase classname="backend.tests.backend_test.TestAuthEnforcement" name="test_requires_auth[GET-/watchlist/live]" time="0.110" /><testcase classname="backend.tests.backend_test.TestAuthEnforcement" name="test_requires_auth[POST-/analysis/AAPL]" time="0.099" /><testcase classname="backend.tests.backend_test.TestAuthEnforcement" name="test_requires_auth[GET-/analysis/AAPL/latest]" time="0.104" /><testcase classname="backend.tests.backend_test.TestAuthEnforcement" name="test_requires_auth[GET-/analysis/AAPL/history]" time="0.100" /><testcase classname="backend.tests.backend_test.TestAuthEnforcement" name="test_requires_auth[POST-/analysis/quick/top]" time="0.108" /><testcase classname="backend.tests.backend_test.TestAuthEnforcement" name="test_requires_auth[GET-/alerts]" time="0.104" /><testcase classname="backend.tests.backend_test.TestAuthEnforcement" name="test_requires_auth[POST-/alerts/read_all]" time="0.106" /><testcase classname="backend.tests.test_iteration2.TestPlans" name="test_plans_returns_all_three" time="0.104" /><testcase classname="backend.tests.test_iteration2.TestPlans" name="test_plan_limits_per_tier" time="0.101" /><testcase classname="backend.tests.test_iteration2.TestAuthPlanField" name="test_register_returns_plan_free" time="0.383" /><testcase classname="backend.tests.test_iteration2.TestAuthPlanField" name="test_login_returns_plan" time="0.721" /><testcase classname="backend.tests.test_iteration2.TestQuota" name="test_quota_requires_auth" time="0.108" /><testcase classname="backend.tests.test_iteration2.TestQuota" name="test_quota_shape_free" time="0.421" /><testcase classname="backend.tests.test_iteration2.TestGoogleOAuth" name="test_google_session_invalid_returns_401" time="0.214" /><testcase classname="backend.tests.test_iteration2.TestGoogleOAuth" name="test_google_session_missing_body_returns_422" time="0.103" /><testcase classname="backend.tests.test_iteration2.TestPlanUpgrade" name="test_upgrade_to_pro" time="0.492" /><testcase classname="backend.tests.test_iteration2.TestPlanUpgrade" name="test_upgrade_invalid_plan" time="0.451" /><testcase classname="backend.tests.test_iteration2.TestPlanUpgrade" name="test_upgrade_requires_auth" time="0.110" /><testcase classname="backend.tests.test_iteration2.TestPlanUpgrade" name="test_upgrade_to_elite_unlimited" time="0.471" /><testcase classname="backend.tests.test_iteration2.TestFreeTierEnforcement" name="test_watchlist_limit_free_is_three" time="1.742" /><testcase classname="backend.tests.test_iteration2.TestFreeTierEnforcement" name="test_quick_top_gated_for_free" time="0.904" /><testcase classname="backend.tests.test_iteration2.TestFreeTierEnforcement" name="test_analysis_daily_quota_free" time="38.179" /><testcase classname="backend.tests.test_iteration2.TestShareVerdict" name="test_share_requires_pro_plan" time="0.495" /><testcase classname="backend.tests.test_iteration2.TestShareVerdict" name="test_share_requires_auth" time="0.100" /><testcase classname="backend.tests.test_iteration2.TestShareVerdict" name="test_share_nonexistent_analysis_returns_404" time="0.463" /><testcase classname="backend.tests.test_iteration2.TestShareVerdict" name="test_share_creates_and_is_idempotent" time="38.518" /><testcase classname="backend.tests.test_iteration2.TestShareVerdict" name="test_public_verdict_no_auth" time="0.207" /><testcase classname="backend.tests.test_iteration2.TestShareVerdict" name="test_public_verdict_nonexistent_404" time="0.105" /><testcase classname="backend.tests.test_iteration3.TestLoginTracking" name="test_register_increments_login_count" time="0.416" /><testcase classname="backend.tests.test_iteration3.TestLoginTracking" name="test_login_increments_login_count_again" time="0.736" /><testcase classname="backend.tests.test_iteration3.TestAdminAutoElevation" name="test_regular_user_is_not_admin" time="0.462" /><testcase classname="backend.tests.test_iteration3.TestAdminAutoElevation" name="test_admin_user_is_admin_and_effective_elite" time="0.416" /><testcase classname="backend.tests.test_iteration3.TestAdminAuth" name="test_admin_users_requires_admin" time="0.044" /><testcase classname="backend.tests.test_iteration3.TestAdminAuth" name="test_admin_logins_requires_admin" time="0.047" /><testcase classname="backend.tests.test_iteration3.TestAdminAuth" name="test_admin_unlock_requires_admin" time="0.047" /><testcase classname="backend.tests.test_iteration3.TestAdminAuth" name="test_admin_reset_requires_admin" time="0.045" /><testcase classname="backend.tests.test_iteration3.TestAdminAuth" name="test_admin_endpoints_require_auth" time="0.201" /><testcase classname="backend.tests.test_iteration3.TestAdminUserListing" name="test_admin_users_returns_list" time="0.052" /><testcase classname="backend.tests.test_iteration3.TestAdminUserListing" name="test_admin_logins_shape" time="0.046" /><testcase classname="backend.tests.test_iteration3.TestUnlockFlow" name="test_unlock_nonexistent_user_returns_404" time="0.044" /><testcase classname="backend.tests.test_iteration3.TestUnlockFlow" name="test_unlock_invalid_duration_returns_422" time="0.046" /><testcase classname="backend.tests.test_iteration3.TestUnlockFlow" name="test_unlock_1h_grants_elite_effective_plan" time="0.471" /><testcase classname="backend.tests.test_iteration3.TestUnlockFlow" name="test_unlock_forever_sets_string_literal" time="0.487" /><testcase classname="backend.tests.test_iteration3.TestUnlockFlow" name="test_reset_clears_unlock_and_back_to_free" time="0.528" /><testcase classname="backend.tests.test_iteration3.TestUnlockFlow" name="test_reset_nonexistent_user_returns_404" time="0.044" /><testcase classname="backend.tests.test_iteration3.TestUnlockEnforcement" name="test_unlocked_user_bypasses_watchlist_limit" time="2.614" /><testcase classname="backend.tests.test_iteration3.TestUnlockEnforcement" name="test_unlocked_user_can_call_quick_top" time="0.950" /><testcase classname="backend.tests.test_iteration3.TestScorecard" name="test_scorecard_me_requires_auth" time="0.137" /><testcase classname="backend.tests.test_iteration3.TestScorecard" name="test_scorecard_global_requires_auth" time="0.107" /><testcase classname="backend.tests.test_iteration3.TestScorecard" name="test_scorecard_me_shape_empty" time="0.412" /><testcase classname="backend.tests.test_iteration3.TestScorecard" name="test_scorecard_global_shape" time="0.424" /><testcase classname="backend.tests.test_iteration3.TestScorecard" name="test_scorecard_pending_after_fresh_analysis" time="0.046"><failure message="AssertionError: analysis POST failed: 428 {&quot;detail&quot;:{&quot;code&quot;:&quot;disclaimer_required&quot;,&quot;version&quot;:&quot;v1-2026-04&quot;,&quot;message&quot;:&quot;You must accept the Neural Analysis Disclaimer before running AI analysis.&quot;}}&#10;assert 428 == 200&#10; +  where 428 = &lt;Response [428]&gt;.status_code">E   AssertionError: analysis POST failed: 428 {"detail":{"code":"disclaimer_required","version":"v1-2026-04","message":"You must accept the Neural Analysis Disclaimer before running AI analysis."}}
    assert 428 == 200
     +  where 428 = &lt;Response [428]&gt;.status_code</failure></testcase><testcase classname="backend.tests.test_iteration4.TestDisclaimerBasic" name="test_get_disclaimer_requires_auth" time="0.105" /><testcase classname="backend.tests.test_iteration4.TestDisclaimerBasic" name="test_post_accept_requires_auth" time="0.111" /><testcase classname="backend.tests.test_iteration4.TestDisclaimerBasic" name="test_get_disclaimer_fresh_user_shape" time="0.375" /><testcase classname="backend.tests.test_iteration4.TestDisclaimerBasic" name="test_accept_sets_version_and_timestamp" time="0.417" /><testcase classname="backend.tests.test_iteration4.TestDisclaimerBasic" name="test_accept_idempotent" time="0.427" /><testcase classname="backend.tests.test_iteration4.TestDisclaimerGate" name="test_single_analysis_blocked_without_accept" time="0.368" /><testcase classname="backend.tests.test_iteration4.TestDisclaimerGate" name="test_quick_analyze_blocked_without_accept" time="0.372" /><testcase classname="backend.tests.test_iteration4.TestDisclaimerGate" name="test_gate_version_consistent_with_get" time="0.422" /><testcase classname="backend.tests.test_iteration4.TestDisclaimerGate" name="test_gate_bottom_kind_also_blocked" time="0.389" /><testcase classname="backend.tests.test_iteration4.TestDisclaimerGate" name="test_gate_comes_before_plan_check_for_free_user" time="0.394" /><testcase classname="backend.tests.test_iteration4.TestDisclaimerGate" name="test_gate_comes_before_plan_check_for_pro_user" time="0.746" /><testcase classname="backend.tests.test_iteration4.TestSingleAnalysisAfterAccept" name="test_accept_then_single_analysis_proceeds" time="53.014" /><testcase classname="backend.tests.test_iteration4.TestQuickAnalyzeSummary" name="test_pro_accepted_quick_top_returns_summary_shape" time="60.516"><failure message="AssertionError: ingress 502: The preview environment is not responding. It may be starting up.&#10;  &#10;assert 502 not in (502,)&#10; +  where 502 = &lt;Response [502]&gt;.status_code">E   AssertionError: ingress 502: The preview environment is not responding. It may be starting up.
      
    assert 502 not in (502,)
     +  where 502 = &lt;Response [502]&gt;.status_code</failure></testcase><testcase classname="backend.tests.test_iteration4.TestQuickAnalyzeSummary" name="test_timeout_results_have_proper_shape" time="72.395"><skipped type="pytest.skip" message="cannot verify timeout shape when call not 200 (got 502)">/app/backend/tests/test_iteration4.py:302: cannot verify timeout shape when call not 200 (got 502)</skipped></testcase><testcase classname="backend.tests.test_iteration4.TestAdminGateObservation" name="test_admin_not_bypassed_by_gate" time="23.138" /></testsuite></testsuites>