<?xml version="1.0" encoding="utf-8"?><testsuites name="pytest tests"><testsuite name="pytest" errors="0" failures="0" skipped="0" tests="21" time="106.730" timestamp="2026-04-20T09:17:12.434484+00:00" hostname="agent-env-46f95d42-5fd6-4b50-9057-08a57a221843"><testcase classname="backend.tests.test_iteration2.TestPlans" name="test_plans_returns_all_three" time="26.216" /><testcase classname="backend.tests.test_iteration2.TestPlans" name="test_plan_limits_per_tier" time="0.157" /><testcase classname="backend.tests.test_iteration2.TestAuthPlanField" name="test_register_returns_plan_free" time="0.431" /><testcase classname="backend.tests.test_iteration2.TestAuthPlanField" name="test_login_returns_plan" time="8.424" /><testcase classname="backend.tests.test_iteration2.TestQuota" name="test_quota_requires_auth" time="0.132" /><testcase classname="backend.tests.test_iteration2.TestQuota" name="test_quota_shape_free" time="0.453" /><testcase classname="backend.tests.test_iteration2.TestGoogleOAuth" name="test_google_session_invalid_returns_401" time="0.232" /><testcase classname="backend.tests.test_iteration2.TestGoogleOAuth" name="test_google_session_missing_body_returns_422" time="0.102" /><testcase classname="backend.tests.test_iteration2.TestPlanUpgrade" name="test_upgrade_to_pro" time="0.440" /><testcase classname="backend.tests.test_iteration2.TestPlanUpgrade" name="test_upgrade_invalid_plan" time="0.393" /><testcase classname="backend.tests.test_iteration2.TestPlanUpgrade" name="test_upgrade_requires_auth" time="0.101" /><testcase classname="backend.tests.test_iteration2.TestPlanUpgrade" name="test_upgrade_to_elite_unlimited" time="0.429" /><testcase classname="backend.tests.test_iteration2.TestFreeTierEnforcement" name="test_watchlist_limit_free_is_three" time="1.588" /><testcase classname="backend.tests.test_iteration2.TestFreeTierEnforcement" name="test_quick_top_gated_for_free" time="0.632" /><testcase classname="backend.tests.test_iteration2.TestFreeTierEnforcement" name="test_analysis_daily_quota_free" time="32.114" /><testcase classname="backend.tests.test_iteration2.TestShareVerdict" name="test_share_requires_pro_plan" time="0.479" /><testcase classname="backend.tests.test_iteration2.TestShareVerdict" name="test_share_requires_auth" time="0.103" /><testcase classname="backend.tests.test_iteration2.TestShareVerdict" name="test_share_nonexistent_analysis_returns_404" time="0.541" /><testcase classname="backend.tests.test_iteration2.TestShareVerdict" name="test_share_creates_and_is_idempotent" time="33.331" /><testcase classname="backend.tests.test_iteration2.TestShareVerdict" name="test_public_verdict_no_auth" time="0.226" /><testcase classname="backend.tests.test_iteration2.TestShareVerdict" name="test_public_verdict_nonexistent_404" time="0.105" /></testsuite></testsuites>