<?xml version="1.0" encoding="utf-8"?><testsuites name="pytest tests"><testsuite name="pytest" errors="0" failures="1" skipped="0" tests="24" time="40.587" timestamp="2026-04-20T09:50:59.073069+00:00" hostname="agent-env-46f95d42-5fd6-4b50-9057-08a57a221843"><testcase classname="backend.tests.test_iteration3.TestLoginTracking" name="test_register_increments_login_count" time="0.505" /><testcase classname="backend.tests.test_iteration3.TestLoginTracking" name="test_login_increments_login_count_again" time="0.704" /><testcase classname="backend.tests.test_iteration3.TestAdminAutoElevation" name="test_regular_user_is_not_admin" time="0.424" /><testcase classname="backend.tests.test_iteration3.TestAdminAutoElevation" name="test_admin_user_is_admin_and_effective_elite" time="0.422" /><testcase classname="backend.tests.test_iteration3.TestAdminAuth" name="test_admin_users_requires_admin" time="0.049" /><testcase classname="backend.tests.test_iteration3.TestAdminAuth" name="test_admin_logins_requires_admin" time="0.047" /><testcase classname="backend.tests.test_iteration3.TestAdminAuth" name="test_admin_unlock_requires_admin" time="0.046" /><testcase classname="backend.tests.test_iteration3.TestAdminAuth" name="test_admin_reset_requires_admin" time="0.045" /><testcase classname="backend.tests.test_iteration3.TestAdminAuth" name="test_admin_endpoints_require_auth" time="0.241" /><testcase classname="backend.tests.test_iteration3.TestAdminUserListing" name="test_admin_users_returns_list" time="0.050" /><testcase classname="backend.tests.test_iteration3.TestAdminUserListing" name="test_admin_logins_shape" time="0.050" /><testcase classname="backend.tests.test_iteration3.TestUnlockFlow" name="test_unlock_nonexistent_user_returns_404" time="0.046" /><testcase classname="backend.tests.test_iteration3.TestUnlockFlow" name="test_unlock_invalid_duration_returns_422" time="0.047" /><testcase classname="backend.tests.test_iteration3.TestUnlockFlow" name="test_unlock_1h_grants_elite_effective_plan" time="0.446" /><testcase classname="backend.tests.test_iteration3.TestUnlockFlow" name="test_unlock_forever_sets_string_literal" time="0.414" /><testcase classname="backend.tests.test_iteration3.TestUnlockFlow" name="test_reset_clears_unlock_and_back_to_free" time="0.460" /><testcase classname="backend.tests.test_iteration3.TestUnlockFlow" name="test_reset_nonexistent_user_returns_404" time="0.047" /><testcase classname="backend.tests.test_iteration3.TestUnlockEnforcement" name="test_unlocked_user_bypasses_watchlist_limit" time="3.406" /><testcase classname="backend.tests.test_iteration3.TestUnlockEnforcement" name="test_unlocked_user_can_call_quick_top" time="0.769" /><testcase classname="backend.tests.test_iteration3.TestScorecard" name="test_scorecard_me_requires_auth" time="0.104" /><testcase classname="backend.tests.test_iteration3.TestScorecard" name="test_scorecard_global_requires_auth" time="0.593"><failure message="assert 200 in (401, 403)&#10; +  where 200 = &lt;Response [200]&gt;.status_code">backend/tests/test_iteration3.py:322: in test_scorecard_global_requires_auth
    assert r.status_code in (401, 403)
E   assert 200 in (401, 403)
E    +  where 200 = &lt;Response [200]&gt;.status_code</failure></testcase><testcase classname="backend.tests.test_iteration3.TestScorecard" name="test_scorecard_me_shape_empty" time="0.420" /><testcase classname="backend.tests.test_iteration3.TestScorecard" name="test_scorecard_global_shape" time="0.163" /><testcase classname="backend.tests.test_iteration3.TestScorecard" name="test_scorecard_pending_after_fresh_analysis" time="30.957" /></testsuite></testsuites>