<?xml version="1.0" encoding="utf-8"?><testsuites name="pytest tests"><testsuite name="pytest" errors="0" failures="0" skipped="0" tests="12" time="5.873" timestamp="2026-04-22T02:54:58.629328+00:00" hostname="agent-env-46f95d42-5fd6-4b50-9057-08a57a221843"><testcase classname="backend.tests.test_iteration10_phase2.TestPortfolio" name="test_get_empty_or_existing" time="1.348" /><testcase classname="backend.tests.test_iteration10_phase2.TestPortfolio" name="test_create_invalid_ticker_404" time="1.072" /><testcase classname="backend.tests.test_iteration10_phase2.TestPortfolio" name="test_create_invalid_shares_422" time="0.120" /><testcase classname="backend.tests.test_iteration10_phase2.TestPortfolio" name="test_create_invalid_cost_422" time="0.130" /><testcase classname="backend.tests.test_iteration10_phase2.TestPortfolio" name="test_create_update_delete_position" time="1.306" /><testcase classname="backend.tests.test_iteration10_phase2.TestPdfExport" name="test_pdf_download_for_existing_analysis" time="0.557" /><testcase classname="backend.tests.test_iteration10_phase2.TestPdfExport" name="test_pdf_unknown_id_404" time="0.109" /><testcase classname="backend.tests.test_iteration10_phase2.TestPdfExport" name="test_pdf_other_user_id_404" time="0.645" /><testcase classname="backend.tests.test_iteration10_phase2.TestTelegram" name="test_status_unconfigured" time="0.116" /><testcase classname="backend.tests.test_iteration10_phase2.TestTelegram" name="test_link_503_when_not_configured" time="0.112" /><testcase classname="backend.tests.test_iteration10_phase2.TestTelegram" name="test_unlink_returns_unlinked_flag" time="0.133" /><testcase classname="backend.tests.test_iteration10_phase2.TestTelegram" name="test_status_requires_auth" time="0.144" /></testsuite></testsuites>