<?xml version="1.0" encoding="utf-8"?><testsuites name="pytest tests"><testsuite name="pytest" errors="0" failures="0" skipped="0" tests="44" time="33.838" timestamp="2026-05-07T03:01:35.828323+00:00" hostname="agent-env-46f95d42-5fd6-4b50-9057-08a57a221843"><testcase classname="tests.test_stockkids_v1alpha.TestKidsSignup" name="test_signup_happy" time="0.465" /><testcase classname="tests.test_stockkids_v1alpha.TestKidsSignup" name="test_signup_age_floor_under_13" time="0.122" /><testcase classname="tests.test_stockkids_v1alpha.TestKidsSignup" name="test_signup_duplicate_email" time="0.474" /><testcase classname="tests.test_stockkids_v1alpha.TestKidsSignup" name="test_signup_bad_birthdate" time="0.160" /><testcase classname="tests.test_stockkids_v1alpha.TestKidsLoginMe" name="test_login_wrong_password" time="0.357" /><testcase classname="tests.test_stockkids_v1alpha.TestKidsLoginMe" name="test_login_success" time="0.381" /><testcase classname="tests.test_stockkids_v1alpha.TestKidsLoginMe" name="test_me" time="0.103" /><testcase classname="tests.test_stockkids_v1alpha.TestJwtIsolation" name="test_adult_token_rejected_on_kids_route" time="0.477" /><testcase classname="tests.test_stockkids_v1alpha.TestJwtIsolation" name="test_kid_token_rejected_on_adult_route" time="0.125" /><testcase classname="tests.test_stockkids_v1alpha.TestJwtIsolation" name="test_kids_route_no_token" time="0.149" /><testcase classname="tests.test_stockkids_v1alpha.TestKidsTradable" name="test_tradable_list" time="0.114" /><testcase classname="tests.test_stockkids_v1alpha.TestKidsTradable" name="test_portfolio_returns_balance" time="0.108" /><testcase classname="tests.test_stockkids_v1alpha.TestKidsTrades" name="test_buy_invalid_ticker" time="0.478" /><testcase classname="tests.test_stockkids_v1alpha.TestKidsTrades" name="test_sell_with_no_holdings" time="0.140" /><testcase classname="tests.test_stockkids_v1alpha.TestKidsTrades" name="test_buy_insufficient_sc" time="0.129" /><testcase classname="tests.test_stockkids_v1alpha.TestKidsTrades" name="test_buy_then_portfolio_then_sell" time="0.555" /><testcase classname="tests.test_stockkids_v1alpha.TestKidsWatchlist" name="test_add_idempotent_then_get_then_delete" time="1.027" /><testcase classname="tests.test_stockkids_v1alpha.TestKidsWatchlist" name="test_invalid_ticker" time="0.129" /><testcase classname="tests.test_stockkids_v1alpha.TestKidsAnalyze" name="test_analyze_aapl_returns_kid_view" time="19.725" /><testcase classname="tests.test_stockkids_v1alpha.TestKidsAnalyze" name="test_analyze_invalid_ticker" time="0.153" /><testcase classname="tests.test_stockkids_v1beta.TestSignupTiers" name="test_under13_with_parent_returns_awaiting" time="0.561" /><testcase classname="tests.test_stockkids_v1beta.TestSignupTiers" name="test_under13_without_parent_email_400" time="0.050" /><testcase classname="tests.test_stockkids_v1beta.TestSignupTiers" name="test_under8_rejected" time="0.056" /><testcase classname="tests.test_stockkids_v1beta.TestSignupTiers" name="test_age13_instant_active" time="0.273" /><testcase classname="tests.test_stockkids_v1beta.TestSignupTiers" name="test_age18_instant_active" time="0.270" /><testcase classname="tests.test_stockkids_v1beta.TestLoginGate" name="test_login_awaiting_returns_403" time="0.718" /><testcase classname="tests.test_stockkids_v1beta.TestLoginGate" name="test_login_wrong_pw_on_awaiting_returns_401" time="0.271" /><testcase classname="tests.test_stockkids_v1beta.TestParentalConsent" name="test_full_consent_flow" time="1.196" /><testcase classname="tests.test_stockkids_v1beta.TestParentalConsent" name="test_resend_supersedes_old_token" time="0.758" /><testcase classname="tests.test_stockkids_v1beta.TestParentalConsent" name="test_resend_on_active_kid_no_leak" time="0.319" /><testcase classname="tests.test_stockkids_v1beta.TestParentalConsent" name="test_resend_on_nonexistent_no_leak" time="0.051" /><testcase classname="tests.test_stockkids_v1beta.TestJournal" name="test_first_journal_awards_bonus" time="0.796" /><testcase classname="tests.test_stockkids_v1beta.TestJournal" name="test_journal_idempotent" time="0.189" /><testcase classname="tests.test_stockkids_v1beta.TestJournal" name="test_empty_why_422" time="0.055" /><testcase classname="tests.test_stockkids_v1beta.TestJournal" name="test_journal_unknown_trade_404" time="0.048" /><testcase classname="tests.test_stockkids_v1beta.TestJournal" name="test_get_journal_unknown_404" time="0.060" /><testcase classname="tests.test_stockkids_v1beta.TestJournal" name="test_list_journals_filtered" time="0.049" /><testcase classname="tests.test_stockkids_v1beta.TestJournal" name="test_daily_cap" time="0.271" /><testcase classname="tests.test_stockkids_v1beta.TestJournal" name="test_jwt_isolation_adult_token_rejected" time="0.314" /><testcase classname="tests.test_gal" name="test_translate_for_age_uses_correct_band_spec" time="1.984" /><testcase classname="tests.test_gal" name="test_translate_for_age_high_school_band_does_not_oversimplify" time="0.001" /><testcase classname="tests.test_gal" name="test_translate_for_age_handles_llm_garbage_gracefully" time="0.002" /><testcase classname="tests.test_gal" name="test_translate_for_age_rejects_invalid_age_band" time="0.000" /><testcase classname="tests.test_gal" name="test_slim_adult_nsi_strips_oversize_fields" time="0.000" /></testsuite></testsuites>