<?xml version="1.0" encoding="utf-8"?><testsuites name="pytest tests"><testsuite name="pytest" errors="0" failures="0" skipped="0" tests="20" time="24.878" timestamp="2026-05-06T06:08:43.358432+00:00" hostname="agent-env-46f95d42-5fd6-4b50-9057-08a57a221843"><testcase classname="tests.test_stockkids_v1alpha.TestKidsSignup" name="test_signup_happy" time="0.531" /><testcase classname="tests.test_stockkids_v1alpha.TestKidsSignup" name="test_signup_age_floor_under_13" time="0.143" /><testcase classname="tests.test_stockkids_v1alpha.TestKidsSignup" name="test_signup_duplicate_email" time="0.463" /><testcase classname="tests.test_stockkids_v1alpha.TestKidsSignup" name="test_signup_bad_birthdate" time="0.137" /><testcase classname="tests.test_stockkids_v1alpha.TestKidsLoginMe" name="test_login_wrong_password" time="0.339" /><testcase classname="tests.test_stockkids_v1alpha.TestKidsLoginMe" name="test_login_success" time="0.329" /><testcase classname="tests.test_stockkids_v1alpha.TestKidsLoginMe" name="test_me" time="0.101" /><testcase classname="tests.test_stockkids_v1alpha.TestJwtIsolation" name="test_adult_token_rejected_on_kids_route" time="0.506" /><testcase classname="tests.test_stockkids_v1alpha.TestJwtIsolation" name="test_kid_token_rejected_on_adult_route" time="0.120" /><testcase classname="tests.test_stockkids_v1alpha.TestJwtIsolation" name="test_kids_route_no_token" time="0.100" /><testcase classname="tests.test_stockkids_v1alpha.TestKidsTradable" name="test_tradable_list" time="0.108" /><testcase classname="tests.test_stockkids_v1alpha.TestKidsTradable" name="test_portfolio_returns_balance" time="0.114" /><testcase classname="tests.test_stockkids_v1alpha.TestKidsTrades" name="test_buy_invalid_ticker" time="0.529" /><testcase classname="tests.test_stockkids_v1alpha.TestKidsTrades" name="test_sell_with_no_holdings" time="0.123" /><testcase classname="tests.test_stockkids_v1alpha.TestKidsTrades" name="test_buy_insufficient_sc" time="0.119" /><testcase classname="tests.test_stockkids_v1alpha.TestKidsTrades" name="test_buy_then_portfolio_then_sell" time="0.489" /><testcase classname="tests.test_stockkids_v1alpha.TestKidsWatchlist" name="test_add_idempotent_then_get_then_delete" time="0.887" /><testcase classname="tests.test_stockkids_v1alpha.TestKidsWatchlist" name="test_invalid_ticker" time="0.105" /><testcase classname="tests.test_stockkids_v1alpha.TestKidsAnalyze" name="test_analyze_aapl_returns_kid_view" time="19.388" /><testcase classname="tests.test_stockkids_v1alpha.TestKidsAnalyze" name="test_analyze_invalid_ticker" time="0.148" /></testsuite></testsuites>