<?xml version="1.0" encoding="utf-8"?><testsuites name="pytest tests"><testsuite name="pytest" errors="0" failures="0" skipped="2" tests="8" time="55.180" timestamp="2026-04-22T00:54:25.757958+00:00" hostname="agent-env-46f95d42-5fd6-4b50-9057-08a57a221843"><testcase classname="backend.tests.test_iteration9_modes.TestModeValidation" name="test_invalid_mode_returns_400" time="0.599" /><testcase classname="backend.tests.test_iteration9_modes.TestPlanGating" name="test_free_user_blocked_from_hybrid" time="0.493" /><testcase classname="backend.tests.test_iteration9_modes.TestPlanGating" name="test_free_user_blocked_from_candlestick" time="0.120" /><testcase classname="backend.tests.test_iteration9_modes.TestPlanGating" name="test_free_user_can_hit_standard_endpoint_shape" time="1.138" /><testcase classname="backend.tests.test_iteration9_modes.TestExistingHybridAnalysis" name="test_admin_history_can_be_fetched" time="0.115"><skipped type="pytest.skip" message="No prior TSLA analysis cached — skip shape check">/app/backend/tests/test_iteration9_modes.py:86: No prior TSLA analysis cached — skip shape check</skipped></testcase><testcase classname="backend.tests.test_iteration9_modes.TestExistingHybridAnalysis" name="test_admin_can_fetch_latest_with_mode_field" time="0.126"><skipped type="pytest.skip" message="No latest TSLA analysis">/app/backend/tests/test_iteration9_modes.py:110: No latest TSLA analysis</skipped></testcase><testcase classname="backend.tests.test_iteration9_modes.TestExistingHybridAnalysis" name="test_legacy_standard_analysis_lacks_candlestick" time="0.115" /><testcase classname="backend.tests.test_iteration9_modes.TestLiveHybridCall" name="test_pro_user_can_invoke_hybrid_if_needed" time="52.412" /></testsuite></testsuites>