<?xml version="1.0" encoding="utf-8"?><testsuites name="pytest tests"><testsuite name="pytest" errors="0" failures="0" skipped="0" tests="16" time="1.435" timestamp="2026-04-25T00:02:23.091605+00:00" hostname="agent-env-46f95d42-5fd6-4b50-9057-08a57a221843"><testcase classname="tests.test_iter25_magic_link.TestMagicLinkService" name="test_create_token_doc_shape" time="0.007" /><testcase classname="tests.test_iter25_magic_link.TestMagicLinkService" name="test_indexes_exist" time="0.001" /><testcase classname="tests.test_iter25_magic_link.TestMagicLinkService" name="test_redeem_valid_returns_user_id" time="0.001" /><testcase classname="tests.test_iter25_magic_link.TestMagicLinkService" name="test_redeem_one_time_use" time="0.001" /><testcase classname="tests.test_iter25_magic_link.TestMagicLinkService" name="test_redeem_bogus" time="0.001" /><testcase classname="tests.test_iter25_magic_link.TestMagicLinkService" name="test_redeem_empty_or_none" time="0.000" /><testcase classname="tests.test_iter25_magic_link.TestMagicLinkService" name="test_redeem_expired" time="0.001" /><testcase classname="tests.test_iter25_magic_link.TestMagicLinkService" name="test_redeem_atomic_concurrent" time="0.002" /><testcase classname="tests.test_iter25_magic_link.TestAuthMagicEndpoint" name="test_success_returns_login_shape" time="0.270" /><testcase classname="tests.test_iter25_magic_link.TestAuthMagicEndpoint" name="test_missing_token_field_400" time="0.148" /><testcase classname="tests.test_iter25_magic_link.TestAuthMagicEndpoint" name="test_empty_token_400" time="0.123" /><testcase classname="tests.test_iter25_magic_link.TestAuthMagicEndpoint" name="test_bogus_token_401" time="0.117" /><testcase classname="tests.test_iter25_magic_link.TestAuthMagicEndpoint" name="test_consumed_token_401" time="0.273" /><testcase classname="tests.test_iter25_magic_link.TestAuthMagicEndpoint" name="test_expired_token_401" time="0.108" /><testcase classname="tests.test_iter25_magic_link.TestTelegramDeepLinkMagic" name="test_alert_appends_magic_token" time="0.003" /><testcase classname="tests.test_iter25_magic_link.TestTelegramDeepLinkMagic" name="test_alert_graceful_when_mint_fails" time="0.001" /></testsuite></testsuites>