<?xml version="1.0" encoding="utf-8"?><testsuites name="pytest tests"><testsuite name="pytest" errors="0" failures="0" skipped="0" tests="10" time="3.051" timestamp="2026-04-24T15:34:19.960702+00:00" hostname="agent-env-46f95d42-5fd6-4b50-9057-08a57a221843"><testcase classname="tests.test_weekly_digest.TestModuleImport" name="test_module_imports_cleanly" time="0.670" /><testcase classname="tests.test_weekly_digest.TestModuleImport" name="test_functions_are_async" time="0.000" /><testcase classname="tests.test_weekly_digest.TestModuleImport" name="test_email_module_has_send_fn" time="0.000" /><testcase classname="tests.test_weekly_digest.TestModuleImport" name="test_server_registers_digest_task" time="0.000" /><testcase classname="tests.test_weekly_digest.TestGetPrefs" name="test_admin_get_default" time="0.566" /><testcase classname="tests.test_weekly_digest.TestGetPrefs" name="test_free_user_get" time="0.585" /><testcase classname="tests.test_weekly_digest.TestGetPrefs" name="test_unauthenticated_rejected" time="0.151" /><testcase classname="tests.test_weekly_digest.TestPostPrefs" name="test_admin_can_enable_and_disable" time="0.537" /><testcase classname="tests.test_weekly_digest.TestPostPrefs" name="test_free_user_can_enable_no_402" time="0.349" /><testcase classname="tests.test_weekly_digest.TestPostPrefs" name="test_unauthenticated_post_rejected" time="0.117" /></testsuite></testsuites>