<?xml version="1.0" encoding="utf-8"?><testsuites name="pytest tests"><testsuite name="pytest" errors="0" failures="1" skipped="0" tests="4" time="32.882" timestamp="2026-04-26T09:20:53.051839+00:00" hostname="agent-env-46f95d42-5fd6-4b50-9057-08a57a221843"><testcase classname="tests.test_iter38_queue_status.TestQueueStatusShape" name="test_idle_returns_200_fast" time="0.304" /><testcase classname="tests.test_iter38_queue_status.TestQueueStatusShape" name="test_no_auth_required" time="0.116" /><testcase classname="tests.test_iter38_queue_status.TestQueueSaturation" name="test_six_concurrent_starts_saturate_queue" time="32.369"><failure message="AssertionError: expected capacity=4, got None&#10;assert None == 4">tests/test_iter38_queue_status.py:102: in test_six_concurrent_starts_saturate_queue
    assert capacity_seen == 4, f"expected capacity=4, got {capacity_seen}"
E   AssertionError: expected capacity=4, got None
E   assert None == 4</failure></testcase><testcase classname="tests.test_iter38_queue_status.TestVerdictCalibrationV2" name="test_calibrate_seeds_v2_fields" time="0.001" /></testsuite></testsuites>