<?xml version="1.0" encoding="utf-8"?><testsuites name="pytest tests"><testsuite name="pytest" errors="0" failures="0" skipped="1" tests="5" time="31.648" timestamp="2026-04-24T22:39:35.654852+00:00" hostname="agent-env-46f95d42-5fd6-4b50-9057-08a57a221843"><testcase classname="backend.tests.test_iter21_admin_engagement.TestAdminUsersEngagement" name="test_list_users_has_engagement_fields" time="30.498" /><testcase classname="backend.tests.test_iter21_admin_engagement.TestAdminUsersEngagement" name="test_lifetime_matches_rule_zero_activity_for_never_run" time="0.232" /><testcase classname="backend.tests.test_iter21_admin_engagement.TestAdminUsersEngagement" name="test_known_seeded_users_have_expected_lifetime" time="0.276" /><testcase classname="backend.tests.test_iter21_admin_engagement.TestAdminUsersEngagement" name="test_tiers_user_has_at_least_one" time="0.278"><skipped type="pytest.skip" message="tiers@demo.io not present">/app/backend/tests/test_iter21_admin_engagement.py:95: tiers@demo.io not present</skipped></testcase><testcase classname="backend.tests.test_iter21_admin_engagement.TestQuickJobShape" name="test_quick_job_top_response_shape" time="0.296" /></testsuite></testsuites>