<?xml version="1.0" encoding="utf-8"?><testsuites name="pytest tests"><testsuite name="pytest" errors="0" failures="0" skipped="0" tests="8" time="41.356" timestamp="2026-04-24T23:25:17.975314+00:00" hostname="agent-env-46f95d42-5fd6-4b50-9057-08a57a221843"><testcase classname="tests.test_iter23_digest_schedule" name="test_get_preferences_has_schedule_fields" time="0.597" /><testcase classname="tests.test_iter23_digest_schedule" name="test_post_partial_merge_schedule" time="0.207" /><testcase classname="tests.test_iter23_digest_schedule" name="test_post_rejects_non_dict_schedule" time="0.050" /><testcase classname="tests.test_iter23_digest_schedule" name="test_post_rejects_bogus_value" time="0.050" /><testcase classname="tests.test_iter23_digest_schedule" name="test_post_rejects_unknown_channel" time="0.050" /><testcase classname="tests.test_iter23_digest_schedule" name="test_queue_alert_inserts_row" time="0.302" /><testcase classname="tests.test_iter23_digest_schedule" name="test_flush_user_sends_digest_and_is_idempotent" time="0.121" /><testcase classname="tests.test_iter23_digest_schedule" name="test_analysis_schedule_respected" time="39.898" /></testsuite></testsuites>