<?xml version="1.0" encoding="utf-8"?><testsuites name="pytest tests"><testsuite name="pytest" errors="0" failures="0" skipped="0" tests="11" time="74.223" timestamp="2026-04-24T23:49:16.465144+00:00" hostname="agent-env-46f95d42-5fd6-4b50-9057-08a57a221843"><testcase classname="tests.test_iter24_quiet_hours" name="test_get_preferences_has_quiet_hours" time="0.579" /><testcase classname="tests.test_iter24_quiet_hours" name="test_post_partial_merge_quiet_hours" time="0.301" /><testcase classname="tests.test_iter24_quiet_hours" name="test_post_validation_errors[payload0-object]" time="0.051" /><testcase classname="tests.test_iter24_quiet_hours" name="test_post_validation_errors[payload1-start_hour]" time="0.049" /><testcase classname="tests.test_iter24_quiet_hours" name="test_post_validation_errors[payload2-bool]" time="0.049" /><testcase classname="tests.test_iter24_quiet_hours" name="test_post_validation_errors[payload3-tz]" time="0.048" /><testcase classname="tests.test_iter24_quiet_hours" name="test_post_validation_errors[payload4-end_hour]" time="0.048" /><testcase classname="tests.test_iter24_quiet_hours" name="test_is_in_quiet_hours_logic" time="0.288" /><testcase classname="tests.test_iter24_quiet_hours" name="test_digest_pusher_loop_running" time="0.003" /><testcase classname="tests.test_iter24_quiet_hours" name="test_live_realtime_with_qh_defers_to_queue" time="37.026" /><testcase classname="tests.test_iter24_quiet_hours" name="test_regression_realtime_qh_disabled_pushes_immediately" time="35.694" /></testsuite></testsuites>