<?xml version="1.0" encoding="utf-8"?><testsuites name="pytest tests"><testsuite name="pytest" errors="0" failures="1" skipped="0" tests="14" time="83.528" timestamp="2026-05-07T03:05:37.715498+00:00" hostname="agent-env-46f95d42-5fd6-4b50-9057-08a57a221843"><testcase classname="tests.test_stockkids_v11_bilingual.TestPublicPreviewLang" name="test_preview_default_en" time="18.122" /><testcase classname="tests.test_stockkids_v11_bilingual.TestPublicPreviewLang" name="test_preview_lang_en" time="0.004" /><testcase classname="tests.test_stockkids_v11_bilingual.TestPublicPreviewLang" name="test_preview_lang_id_returns_indonesian" time="23.324" /><testcase classname="tests.test_stockkids_v11_bilingual.TestPublicPreviewLang" name="test_preview_lang_unsupported_coerced_to_en" time="0.004" /><testcase classname="tests.test_stockkids_v11_bilingual.TestPublicPreviewLang" name="test_preview_lang_uppercase_ID_coerced_to_en" time="0.003" /><testcase classname="tests.test_stockkids_v11_bilingual.TestPublicPreviewLang" name="test_cache_isolation_en_then_id_then_en" time="0.008" /><testcase classname="tests.test_stockkids_v11_bilingual.TestSignupLang" name="test_signup_lang_id_persists_and_email_logged_id" time="0.497" /><testcase classname="tests.test_stockkids_v11_bilingual.TestSignupLang" name="test_signup_lang_en_default_preserved" time="0.228" /><testcase classname="tests.test_stockkids_v11_bilingual.TestSignupLang" name="test_signup_lang_invalid_es_returns_422" time="0.002" /><testcase classname="tests.test_stockkids_v11_bilingual.TestConsentLang" name="test_parental_consent_submit_with_lang_id" time="0.482"><failure message="KeyError: 'token'">tests/test_stockkids_v11_bilingual.py:278: in test_parental_consent_submit_with_lang_id
    token = token_doc["token"]
            ^^^^^^^^^^^^^^^^^^
E   KeyError: 'token'</failure></testcase><testcase classname="tests.test_stockkids_v11_bilingual.TestConsentLang" name="test_resend_consent_with_lang_id" time="0.873" /><testcase classname="tests.test_stockkids_v11_bilingual.TestConsentLang" name="test_resend_consent_without_lang_defaults_en" time="0.702" /><testcase classname="tests.test_stockkids_v11_bilingual.TestAnalyzeLang" name="test_analyze_lang_id_returns_indonesian" time="21.261" /><testcase classname="tests.test_stockkids_v11_bilingual.TestAnalyzeLang" name="test_analyze_no_lang_defaults_en" time="17.833" /></testsuite></testsuites>