<?xml version="1.0" encoding="utf-8"?><testsuites name="pytest tests"><testsuite name="pytest" errors="0" failures="0" skipped="0" tests="14" time="4.448" timestamp="2026-04-20T23:44:29.514174+00:00" hostname="agent-env-46f95d42-5fd6-4b50-9057-08a57a221843"><testcase classname="backend.tests.test_iteration8_timeline.TestTimelineResponseShape" name="test_admin_aapl_cache_returns_full_shape" time="0.592" /><testcase classname="backend.tests.test_iteration8_timeline.TestTimelineResponseShape" name="test_cache_hit_returns_cached_true" time="0.262" /><testcase classname="backend.tests.test_iteration8_timeline.TestTimelinePlanGate" name="test_free_user_gets_402" time="0.576" /><testcase classname="backend.tests.test_iteration8_timeline.TestTimelineWatchlistGate" name="test_ticker_not_in_watchlist_400" time="0.122" /><testcase classname="backend.tests.test_iteration8_timeline.TestTimelineWatchlistGate" name="test_pro_ticker_not_in_watchlist_400" time="0.611" /><testcase classname="backend.tests.test_iteration8_timeline.TestTimelineLatest" name="test_latest_returns_stored_reco" time="0.113" /><testcase classname="backend.tests.test_iteration8_timeline.TestTimelineLatest" name="test_latest_returns_404_when_none" time="0.120" /><testcase classname="backend.tests.test_iteration8_timeline.TestTimelineLatest" name="test_latest_case_insensitive" time="0.107" /><testcase classname="backend.tests.test_iteration8_timeline.TestTimelineQuota" name="test_cached_call_does_not_add_to_analyses" time="0.334" /><testcase classname="backend.tests.test_iteration8_timeline.TestExistingEndpointsStillWork" name="test_auth_login_works" time="0.352" /><testcase classname="backend.tests.test_iteration8_timeline.TestExistingEndpointsStillWork" name="test_pricing_billing_config" time="0.112" /><testcase classname="backend.tests.test_iteration8_timeline.TestExistingEndpointsStillWork" name="test_plans_endpoint_public" time="0.110" /><testcase classname="backend.tests.test_iteration8_timeline.TestExistingEndpointsStillWork" name="test_watchlist_live" time="0.831" /><testcase classname="backend.tests.test_iteration8_timeline.TestExistingEndpointsStillWork" name="test_share_public_verdict" time="0.114" /></testsuite></testsuites>