<?xml version="1.0" encoding="utf-8"?><testsuites name="pytest tests"><testsuite name="pytest" errors="0" failures="0" skipped="0" tests="10" time="0.018" timestamp="2026-04-26T10:47:22.405980+00:00" hostname="agent-env-46f95d42-5fd6-4b50-9057-08a57a221843"><testcase classname="tests.test_verdict_calibration" name="test_earnings_gate_caps_high_confidence_inside_window" time="0.000" /><testcase classname="tests.test_verdict_calibration" name="test_earnings_gate_noop_outside_window" time="0.000" /><testcase classname="tests.test_verdict_calibration" name="test_earnings_gate_noop_when_already_below_ceiling" time="0.000" /><testcase classname="tests.test_verdict_calibration" name="test_earnings_gate_noop_when_no_market_context" time="0.000" /><testcase classname="tests.test_verdict_calibration" name="test_rf_disagreement_strong_edge_penalises" time="0.000" /><testcase classname="tests.test_verdict_calibration" name="test_rf_disagreement_modest_edge_smaller_penalty" time="0.000" /><testcase classname="tests.test_verdict_calibration" name="test_rf_agreement_does_not_penalise" time="0.000" /><testcase classname="tests.test_verdict_calibration" name="test_rf_none_edge_does_not_penalise_disagreement" time="0.000" /><testcase classname="tests.test_verdict_calibration" name="test_rf_neutral_llm_does_not_penalise" time="0.000" /><testcase classname="tests.test_verdict_calibration" name="test_calibrate_applies_both_in_order" time="0.000" /></testsuite></testsuites>