<?xml version="1.0" encoding="utf-8"?><testsuites name="pytest tests"><testsuite name="pytest" errors="0" failures="0" skipped="0" tests="17" time="77.368" timestamp="2026-04-26T10:48:13.663364+00:00" hostname="agent-env-46f95d42-5fd6-4b50-9057-08a57a221843"><testcase classname="tests.test_iter39_progress_and_breakdown" name="test_start_standard_seeds_phases_without_patterns" time="1.540" /><testcase classname="tests.test_iter39_progress_and_breakdown" name="test_start_hybrid_includes_scanning_patterns" time="0.300" /><testcase classname="tests.test_iter39_progress_and_breakdown" name="test_start_candlestick_includes_scanning_patterns" time="0.358" /><testcase classname="tests.test_iter39_progress_and_breakdown" name="test_phase_advances_during_run" time="40.417" /><testcase classname="tests.test_iter39_progress_and_breakdown" name="test_latest_includes_pre_calibration_field" time="34.681" /><testcase classname="tests.test_iter39_progress_and_breakdown" name="test_pre_calibration_field_set_by_calibrate_verdict" time="0.000" /><testcase classname="tests.test_iter39_progress_and_breakdown" name="test_pre_calibration_field_when_no_rule_fires" time="0.000" /><testcase classname="tests.test_verdict_calibration" name="test_earnings_gate_caps_high_confidence_inside_window" time="0.000" /><testcase classname="tests.test_verdict_calibration" name="test_earnings_gate_noop_outside_window" time="0.000" /><testcase classname="tests.test_verdict_calibration" name="test_earnings_gate_noop_when_already_below_ceiling" time="0.000" /><testcase classname="tests.test_verdict_calibration" name="test_earnings_gate_noop_when_no_market_context" time="0.000" /><testcase classname="tests.test_verdict_calibration" name="test_rf_disagreement_strong_edge_penalises" time="0.000" /><testcase classname="tests.test_verdict_calibration" name="test_rf_disagreement_modest_edge_smaller_penalty" time="0.000" /><testcase classname="tests.test_verdict_calibration" name="test_rf_agreement_does_not_penalise" time="0.000" /><testcase classname="tests.test_verdict_calibration" name="test_rf_none_edge_does_not_penalise_disagreement" time="0.000" /><testcase classname="tests.test_verdict_calibration" name="test_rf_neutral_llm_does_not_penalise" time="0.000" /><testcase classname="tests.test_verdict_calibration" name="test_calibrate_applies_both_in_order" time="0.000" /></testsuite></testsuites>