<?xml version="1.0" encoding="utf-8"?><testsuites name="pytest tests"><testsuite name="pytest" errors="0" failures="0" skipped="0" tests="10" time="2.949" timestamp="2026-04-24T06:07:04.755020+00:00" hostname="agent-env-46f95d42-5fd6-4b50-9057-08a57a221843"><testcase classname="backend.tests.test_backtest.TestBacktestStatus" name="test_status_pro" time="0.576" /><testcase classname="backend.tests.test_backtest.TestBacktestStatus" name="test_status_free" time="0.429" /><testcase classname="backend.tests.test_backtest.TestBacktestMe" name="test_free_user_402" time="0.138" /><testcase classname="backend.tests.test_backtest.TestBacktestMe" name="test_pro_user_payload" time="0.112" /><testcase classname="backend.tests.test_backtest.TestBacktestMe" name="test_cache_hit_fast" time="0.214" /><testcase classname="backend.tests.test_backtest.TestBacktestMe" name="test_force_refresh" time="0.646" /><testcase classname="backend.tests.test_backtest.TestMLBacktest" name="test_ml_public_no_auth" time="0.117" /><testcase classname="backend.tests.test_backtest.TestMLBacktest" name="test_ml_expected_counts" time="0.110" /><testcase classname="backend.tests.test_backtest.TestAdminBacktestRecompute" name="test_non_admin_forbidden" time="0.102" /><testcase classname="backend.tests.test_backtest.TestAdminBacktestRecompute" name="test_admin_kicks_off" time="0.422" /></testsuite></testsuites>