<?xml version="1.0" encoding="utf-8"?><testsuites name="pytest tests"><testsuite name="pytest" errors="0" failures="3" skipped="0" tests="13" time="224.019" timestamp="2026-04-20T10:58:38.743489+00:00" hostname="agent-env-46f95d42-5fd6-4b50-9057-08a57a221843"><testcase classname="backend.tests.test_iteration5.TestQuickAnalyzeGates" name="test_disclaimer_gate_blocks_before_job_creation" time="0.421" /><testcase classname="backend.tests.test_iteration5.TestQuickAnalyzeGates" name="test_plan_gate_blocks_free_user_after_accept" time="0.421" /><testcase classname="backend.tests.test_iteration5.TestQuickAnalyzeGates" name="test_empty_watchlist_blocks_pro_user" time="0.861" /><testcase classname="backend.tests.test_iteration5.TestQuickAnalyzeGates" name="test_invalid_kind" time="0.459" /><testcase classname="backend.tests.test_iteration5.TestQuickAnalyzeJobCreation" name="test_returns_fast_under_5s" time="0.465" /><testcase classname="backend.tests.test_iteration5.TestQuickAnalyzeJobCreation" name="test_bottom_kind_also_returns_job" time="0.479" /><testcase classname="backend.tests.test_iteration5.TestQuickJobPolling" name="test_poll_shape_immediately" time="0.710" /><testcase classname="backend.tests.test_iteration5.TestQuickJobPolling" name="test_nonexistent_job_returns_404" time="60.097"><failure message="requests.exceptions.ReadTimeout: HTTPSConnectionPool(host='p1-builder.preview.emergentagent.com', port=443): Read timed out. (read timeout=60)">E   TimeoutError: The read operation timed out

The above exception was the direct cause of the following exception:
E   urllib3.exceptions.ReadTimeoutError: HTTPSConnectionPool(host='p1-builder.preview.emergentagent.com', port=443): Read timed out. (read timeout=60)

During handling of the above exception, another exception occurred:
E   requests.exceptions.ReadTimeout: HTTPSConnectionPool(host='p1-builder.preview.emergentagent.com', port=443): Read timed out. (read timeout=60)</failure></testcase><testcase classname="backend.tests.test_iteration5.TestQuickJobPolling" name="test_cross_user_isolation" time="60.132"><failure message="requests.exceptions.ReadTimeout: HTTPSConnectionPool(host='p1-builder.preview.emergentagent.com', port=443): Read timed out. (read timeout=60)">E   TimeoutError: The read operation timed out

The above exception was the direct cause of the following exception:
E   urllib3.exceptions.ReadTimeoutError: HTTPSConnectionPool(host='p1-builder.preview.emergentagent.com', port=443): Read timed out. (read timeout=60)

During handling of the above exception, another exception occurred:
E   requests.exceptions.ReadTimeout: HTTPSConnectionPool(host='p1-builder.preview.emergentagent.com', port=443): Read timed out. (read timeout=60)</failure></testcase><testcase classname="backend.tests.test_iteration5.TestQuickJobPolling" name="test_poll_eventually_reaches_done" time="60.149"><failure message="requests.exceptions.ReadTimeout: HTTPSConnectionPool(host='p1-builder.preview.emergentagent.com', port=443): Read timed out. (read timeout=60)">E   TimeoutError: The read operation timed out

The above exception was the direct cause of the following exception:
E   urllib3.exceptions.ReadTimeoutError: HTTPSConnectionPool(host='p1-builder.preview.emergentagent.com', port=443): Read timed out. (read timeout=60)

During handling of the above exception, another exception occurred:
E   requests.exceptions.ReadTimeout: HTTPSConnectionPool(host='p1-builder.preview.emergentagent.com', port=443): Read timed out. (read timeout=60)</failure></testcase><testcase classname="backend.tests.test_iteration5.TestDisclaimerRegression" name="test_get_disclaimer_fresh_user_accepted_false" time="38.741" /><testcase classname="backend.tests.test_iteration5.TestDisclaimerRegression" name="test_single_analysis_428_before_accept" time="0.492" /><testcase classname="backend.tests.test_iteration5.TestDisclaimerRegression" name="test_accept_then_get_returns_accepted_true" time="0.483" /></testsuite></testsuites>