<?xml version="1.0" encoding="utf-8"?><testsuites name="pytest tests"><testsuite name="pytest" errors="0" failures="0" skipped="1" tests="25" time="6.371" timestamp="2026-04-24T16:00:51.976657+00:00" hostname="agent-env-46f95d42-5fd6-4b50-9057-08a57a221843"><testcase classname="backend.tests.test_alerts_triage.TestRouterMigration" name="test_get_alerts_still_works" time="0.754" /><testcase classname="backend.tests.test_alerts_triage.TestRouterMigration" name="test_mark_all_read" time="0.142" /><testcase classname="backend.tests.test_alerts_triage.TestRouterMigration" name="test_mark_read_single" time="0.260" /><testcase classname="backend.tests.test_alerts_triage.TestRouterMigration" name="test_mark_read_nonexistent_404" time="0.168" /><testcase classname="backend.tests.test_alerts_triage.TestFilters" name="test_filter_returns_200[all]" time="0.172" /><testcase classname="backend.tests.test_alerts_triage.TestFilters" name="test_filter_returns_200[unread]" time="0.111" /><testcase classname="backend.tests.test_alerts_triage.TestFilters" name="test_filter_returns_200[starred]" time="0.157" /><testcase classname="backend.tests.test_alerts_triage.TestFilters" name="test_filter_returns_200[taken]" time="0.128" /><testcase classname="backend.tests.test_alerts_triage.TestFilters" name="test_filter_returns_200[archived]" time="0.193" /><testcase classname="backend.tests.test_alerts_triage.TestFilters" name="test_invalid_filter_rejected" time="0.143" /><testcase classname="backend.tests.test_alerts_triage.TestFilters" name="test_admin_has_many_alerts" time="0.000" /><testcase classname="backend.tests.test_alerts_triage.TestFilters" name="test_all_filter_excludes_archived" time="0.118" /><testcase classname="backend.tests.test_alerts_triage.TestStar" name="test_star_toggle_and_filter" time="0.406" /><testcase classname="backend.tests.test_alerts_triage.TestStar" name="test_star_nonexistent_404" time="0.135" /><testcase classname="backend.tests.test_alerts_triage.TestStar" name="test_star_wrong_user_404" time="0.518" /><testcase classname="backend.tests.test_alerts_triage.TestArchive" name="test_archive_toggle" time="0.515" /><testcase classname="backend.tests.test_alerts_triage.TestArchive" name="test_archive_nonexistent_404" time="0.141" /><testcase classname="backend.tests.test_alerts_triage.TestTaken" name="test_taken_on_hold_rejected" time="0.000"><skipped type="pytest.skip" message="No HOLD alert available">/app/backend/tests/test_alerts_triage.py:198: No HOLD alert available</skipped></testcase><testcase classname="backend.tests.test_alerts_triage.TestTaken" name="test_taken_lifecycle_on_aapl" time="1.170" /><testcase classname="backend.tests.test_alerts_triage.TestTaken" name="test_taken_nonexistent_404" time="0.112" /><testcase classname="backend.tests.test_alerts_triage.TestStatsAndResolve" name="test_stats_shape" time="0.115" /><testcase classname="backend.tests.test_alerts_triage.TestStatsAndResolve" name="test_resolve_pending_endpoint" time="0.461" /><testcase classname="backend.tests.test_alerts_triage.TestStatsAndResolve" name="test_free_user_stats_empty" time="0.126" /><testcase classname="backend.tests.test_alerts_triage.TestUnauth" name="test_list_requires_auth" time="0.118" /><testcase classname="backend.tests.test_alerts_triage.TestUnauth" name="test_stats_requires_auth" time="0.108" /></testsuite></testsuites>