<?xml version="1.0" encoding="utf-8"?><testsuites name="pytest tests"><testsuite name="pytest" errors="0" failures="2" skipped="0" tests="84" time="210.545" timestamp="2026-04-20T09:51:52.354744+00:00" hostname="agent-env-46f95d42-5fd6-4b50-9057-08a57a221843"><testcase classname="backend.tests.backend_test.TestHealth" name="test_root" time="0.215" /><testcase classname="backend.tests.backend_test.TestAuth" name="test_register_returns_token_and_user" time="0.314" /><testcase classname="backend.tests.backend_test.TestAuth" name="test_register_duplicate_email" time="0.045" /><testcase classname="backend.tests.backend_test.TestAuth" name="test_login_success" time="0.374" /><testcase classname="backend.tests.backend_test.TestAuth" name="test_login_invalid" time="0.320" /><testcase classname="backend.tests.backend_test.TestAuth" name="test_me_requires_auth" time="0.095" /><testcase classname="backend.tests.backend_test.TestAuth" name="test_me_returns_user" time="0.045" /><testcase classname="backend.tests.backend_test.TestStocks" name="test_search_with_query" time="0.045" /><testcase classname="backend.tests.backend_test.TestStocks" name="test_search_empty_returns_popular" time="0.043" /><testcase classname="backend.tests.backend_test.TestStocks" name="test_quote_requires_auth" time="0.108" /><testcase classname="backend.tests.backend_test.TestStocks" name="test_quote_aapl" time="0.489" /><testcase classname="backend.tests.backend_test.TestStocks" name="test_history" time="0.136" /><testcase classname="backend.tests.backend_test.TestWatchlist" name="test_add_aapl" time="0.149" /><testcase classname="backend.tests.backend_test.TestWatchlist" name="test_list_watchlist" time="0.043" /><testcase classname="backend.tests.backend_test.TestWatchlist" name="test_add_duplicate_returns_400" time="0.044" /><testcase classname="backend.tests.backend_test.TestWatchlist" name="test_add_invalid_ticker_returns_404" time="0.730" /><testcase classname="backend.tests.backend_test.TestWatchlist" name="test_fill_to_max_then_exceed" time="1.518" /><testcase classname="backend.tests.backend_test.TestWatchlist" name="test_live_watchlist" time="0.563" /><testcase classname="backend.tests.backend_test.TestWatchlist" name="test_delete_watchlist" time="0.088" /><testcase classname="backend.tests.backend_test.TestAnalysis" name="test_analysis_shape" time="28.973" /><testcase classname="backend.tests.backend_test.TestAnalysis" name="test_latest" time="0.061" /><testcase classname="backend.tests.backend_test.TestAnalysis" name="test_history" time="0.044" /><testcase classname="backend.tests.backend_test.TestAnalysis" name="test_quick_top" time="60.172"><failure message="AssertionError: The preview environment is not responding. It may be starting up.&#10;  &#10;assert 502 == 200&#10; +  where 502 = &lt;Response [502]&gt;.status_code">E   AssertionError: The preview environment is not responding. It may be starting up.
      
    assert 502 == 200
     +  where 502 = &lt;Response [502]&gt;.status_code</failure></testcase><testcase classname="backend.tests.backend_test.TestAnalysis" name="test_quick_bottom_empty_watchlist" time="4.133" /><testcase classname="backend.tests.backend_test.TestAlerts" name="test_list_alerts" time="0.044" /><testcase classname="backend.tests.backend_test.TestAlerts" name="test_read_all" time="0.044" /><testcase classname="backend.tests.backend_test.TestAlerts" name="test_read_nonexistent_alert" time="0.046" /><testcase classname="backend.tests.backend_test.TestAuthEnforcement" name="test_requires_auth[GET-/auth/me]" time="0.155" /><testcase classname="backend.tests.backend_test.TestAuthEnforcement" name="test_requires_auth[GET-/stocks/AAPL/quote]" time="0.112" /><testcase classname="backend.tests.backend_test.TestAuthEnforcement" name="test_requires_auth[GET-/stocks/AAPL/history]" time="0.104" /><testcase classname="backend.tests.backend_test.TestAuthEnforcement" name="test_requires_auth[GET-/watchlist]" time="0.100" /><testcase classname="backend.tests.backend_test.TestAuthEnforcement" name="test_requires_auth[POST-/watchlist]" time="0.102" /><testcase classname="backend.tests.backend_test.TestAuthEnforcement" name="test_requires_auth[GET-/watchlist/live]" time="0.100" /><testcase classname="backend.tests.backend_test.TestAuthEnforcement" name="test_requires_auth[POST-/analysis/AAPL]" time="0.101" /><testcase classname="backend.tests.backend_test.TestAuthEnforcement" name="test_requires_auth[GET-/analysis/AAPL/latest]" time="0.102" /><testcase classname="backend.tests.backend_test.TestAuthEnforcement" name="test_requires_auth[GET-/analysis/AAPL/history]" time="0.101" /><testcase classname="backend.tests.backend_test.TestAuthEnforcement" name="test_requires_auth[POST-/analysis/quick/top]" time="0.104" /><testcase classname="backend.tests.backend_test.TestAuthEnforcement" name="test_requires_auth[GET-/alerts]" time="0.121" /><testcase classname="backend.tests.backend_test.TestAuthEnforcement" name="test_requires_auth[POST-/alerts/read_all]" time="0.116" /><testcase classname="backend.tests.test_iteration2.TestPlans" name="test_plans_returns_all_three" time="0.098" /><testcase classname="backend.tests.test_iteration2.TestPlans" name="test_plan_limits_per_tier" time="0.115" /><testcase classname="backend.tests.test_iteration2.TestAuthPlanField" name="test_register_returns_plan_free" time="0.367" /><testcase classname="backend.tests.test_iteration2.TestAuthPlanField" name="test_login_returns_plan" time="0.674" /><testcase classname="backend.tests.test_iteration2.TestQuota" name="test_quota_requires_auth" time="0.107" /><testcase classname="backend.tests.test_iteration2.TestQuota" name="test_quota_shape_free" time="0.368" /><testcase classname="backend.tests.test_iteration2.TestGoogleOAuth" name="test_google_session_invalid_returns_401" time="0.223" /><testcase classname="backend.tests.test_iteration2.TestGoogleOAuth" name="test_google_session_missing_body_returns_422" time="0.099" /><testcase classname="backend.tests.test_iteration2.TestPlanUpgrade" name="test_upgrade_to_pro" time="0.439" /><testcase classname="backend.tests.test_iteration2.TestPlanUpgrade" name="test_upgrade_invalid_plan" time="0.369" /><testcase classname="backend.tests.test_iteration2.TestPlanUpgrade" name="test_upgrade_requires_auth" time="0.103" /><testcase classname="backend.tests.test_iteration2.TestPlanUpgrade" name="test_upgrade_to_elite_unlimited" time="0.424" /><testcase classname="backend.tests.test_iteration2.TestFreeTierEnforcement" name="test_watchlist_limit_free_is_three" time="1.606" /><testcase classname="backend.tests.test_iteration2.TestFreeTierEnforcement" name="test_quick_top_gated_for_free" time="0.955" /><testcase classname="backend.tests.test_iteration2.TestFreeTierEnforcement" name="test_analysis_daily_quota_free" time="29.730" /><testcase classname="backend.tests.test_iteration2.TestShareVerdict" name="test_share_requires_pro_plan" time="0.405" /><testcase classname="backend.tests.test_iteration2.TestShareVerdict" name="test_share_requires_auth" time="0.122" /><testcase classname="backend.tests.test_iteration2.TestShareVerdict" name="test_share_nonexistent_analysis_returns_404" time="0.458" /><testcase classname="backend.tests.test_iteration2.TestShareVerdict" name="test_share_creates_and_is_idempotent" time="32.832" /><testcase classname="backend.tests.test_iteration2.TestShareVerdict" name="test_public_verdict_no_auth" time="0.240" /><testcase classname="backend.tests.test_iteration2.TestShareVerdict" name="test_public_verdict_nonexistent_404" time="0.102" /><testcase classname="backend.tests.test_iteration3.TestLoginTracking" name="test_register_increments_login_count" time="0.368" /><testcase classname="backend.tests.test_iteration3.TestLoginTracking" name="test_login_increments_login_count_again" time="0.732" /><testcase classname="backend.tests.test_iteration3.TestAdminAutoElevation" name="test_regular_user_is_not_admin" time="0.424" /><testcase classname="backend.tests.test_iteration3.TestAdminAutoElevation" name="test_admin_user_is_admin_and_effective_elite" time="0.428" /><testcase classname="backend.tests.test_iteration3.TestAdminAuth" name="test_admin_users_requires_admin" time="0.045" /><testcase classname="backend.tests.test_iteration3.TestAdminAuth" name="test_admin_logins_requires_admin" time="0.043" /><testcase classname="backend.tests.test_iteration3.TestAdminAuth" name="test_admin_unlock_requires_admin" time="0.043" /><testcase classname="backend.tests.test_iteration3.TestAdminAuth" name="test_admin_reset_requires_admin" time="0.053" /><testcase classname="backend.tests.test_iteration3.TestAdminAuth" name="test_admin_endpoints_require_auth" time="0.192" /><testcase classname="backend.tests.test_iteration3.TestAdminUserListing" name="test_admin_users_returns_list" time="0.059" /><testcase classname="backend.tests.test_iteration3.TestAdminUserListing" name="test_admin_logins_shape" time="0.045" /><testcase classname="backend.tests.test_iteration3.TestUnlockFlow" name="test_unlock_nonexistent_user_returns_404" time="0.084" /><testcase classname="backend.tests.test_iteration3.TestUnlockFlow" name="test_unlock_invalid_duration_returns_422" time="0.046" /><testcase classname="backend.tests.test_iteration3.TestUnlockFlow" name="test_unlock_1h_grants_elite_effective_plan" time="0.421" /><testcase classname="backend.tests.test_iteration3.TestUnlockFlow" name="test_unlock_forever_sets_string_literal" time="0.417" /><testcase classname="backend.tests.test_iteration3.TestUnlockFlow" name="test_reset_clears_unlock_and_back_to_free" time="0.470" /><testcase classname="backend.tests.test_iteration3.TestUnlockFlow" name="test_reset_nonexistent_user_returns_404" time="0.044" /><testcase classname="backend.tests.test_iteration3.TestUnlockEnforcement" name="test_unlocked_user_bypasses_watchlist_limit" time="2.409" /><testcase classname="backend.tests.test_iteration3.TestUnlockEnforcement" name="test_unlocked_user_can_call_quick_top" time="0.931" /><testcase classname="backend.tests.test_iteration3.TestScorecard" name="test_scorecard_me_requires_auth" time="0.098" /><testcase classname="backend.tests.test_iteration3.TestScorecard" name="test_scorecard_global_requires_auth" time="0.454"><failure message="assert 200 in (401, 403)&#10; +  where 200 = &lt;Response [200]&gt;.status_code">E   assert 200 in (401, 403)
     +  where 200 = &lt;Response [200]&gt;.status_code</failure></testcase><testcase classname="backend.tests.test_iteration3.TestScorecard" name="test_scorecard_me_shape_empty" time="0.372" /><testcase classname="backend.tests.test_iteration3.TestScorecard" name="test_scorecard_global_shape" time="0.337" /><testcase classname="backend.tests.test_iteration3.TestScorecard" name="test_scorecard_pending_after_fresh_analysis" time="31.880" /></testsuite></testsuites>