<?xml version="1.0" encoding="utf-8"?><testsuites name="pytest tests"><testsuite name="pytest" errors="0" failures="0" skipped="0" tests="20" time="2.043" timestamp="2026-05-07T03:56:55.441703+00:00" hostname="agent-env-46f95d42-5fd6-4b50-9057-08a57a221843"><testcase classname="tests.test_stockkids_v12_parent_portal.TestRequestLink" name="test_unknown_email_returns_sent_false" time="0.009" /><testcase classname="tests.test_stockkids_v12_parent_portal.TestRequestLink" name="test_active_kid_parent_returns_sent_true_and_mints_session" time="0.209" /><testcase classname="tests.test_stockkids_v12_parent_portal.TestRequestLink" name="test_awaiting_consent_parent_returns_sent_false" time="0.005" /><testcase classname="tests.test_stockkids_v12_parent_portal.TestDashboard" name="test_dashboard_no_token_401" time="0.002" /><testcase classname="tests.test_stockkids_v12_parent_portal.TestDashboard" name="test_dashboard_bogus_token_401" time="0.003" /><testcase classname="tests.test_stockkids_v12_parent_portal.TestDashboard" name="test_dashboard_valid_token_returns_kids_and_stamps_last_used" time="0.224" /><testcase classname="tests.test_stockkids_v12_parent_portal.TestDashboard" name="test_dashboard_expired_session_401" time="0.170" /><testcase classname="tests.test_stockkids_v12_parent_portal.TestDashboard" name="test_dashboard_excludes_awaiting_consent_kids" time="0.182" /><testcase classname="tests.test_stockkids_v12_parent_portal.TestDashboard" name="test_kid_card_shape_and_week_filter" time="0.200" /><testcase classname="tests.test_stockkids_v12_parent_portal.TestTelegramStart" name="test_telegram_start_invalid_token_401" time="0.003" /><testcase classname="tests.test_stockkids_v12_parent_portal.TestTelegramStart" name="test_telegram_start_returns_code_and_upserts" time="0.168" /><testcase classname="tests.test_stockkids_v12_parent_portal.TestTelegramStart" name="test_telegram_disconnect" time="0.190" /><testcase classname="tests.test_stockkids_v12_parent_portal.TestLinkParentChat" name="test_unknown_code_returns_none" time="0.201" /><testcase classname="tests.test_stockkids_v12_parent_portal.TestLinkParentChat" name="test_expired_code_returns_none" time="0.004" /><testcase classname="tests.test_stockkids_v12_parent_portal.TestLinkParentChat" name="test_link_success_binds_chat_and_dashboard_reflects" time="0.212" /><testcase classname="tests.test_stockkids_v12_parent_portal.TestDigest" name="test_digest_silent_when_no_activity" time="0.070" /><testcase classname="tests.test_stockkids_v12_parent_portal.TestDigest" name="test_digest_en_includes_kid_name_and_html_and_emoji" time="0.004" /><testcase classname="tests.test_stockkids_v12_parent_portal.TestDigest" name="test_digest_id_uses_indonesian_copy" time="0.004" /><testcase classname="tests.test_stockkids_v12_parent_portal.TestDigest" name="test_run_once_idempotent_and_updates_last_digest_day" time="0.005" /><testcase classname="tests.test_stockkids_v12_parent_portal.TestPollAndLinkParentPrefix" name="test_parent_prefix_pattern_recognised_in_source" time="0.003" /></testsuite></testsuites>