<?xml version="1.0" encoding="utf-8"?><testsuites name="pytest tests"><testsuite name="pytest" errors="0" failures="1" skipped="0" tests="39" time="102.268" timestamp="2026-04-20T09:19:04.784673+00:00" hostname="agent-env-46f95d42-5fd6-4b50-9057-08a57a221843"><testcase classname="backend.tests.backend_test.TestHealth" name="test_root" time="0.138" /><testcase classname="backend.tests.backend_test.TestAuth" name="test_register_returns_token_and_user" time="0.315" /><testcase classname="backend.tests.backend_test.TestAuth" name="test_register_duplicate_email" time="0.046" /><testcase classname="backend.tests.backend_test.TestAuth" name="test_login_success" time="0.359" /><testcase classname="backend.tests.backend_test.TestAuth" name="test_login_invalid" time="0.321" /><testcase classname="backend.tests.backend_test.TestAuth" name="test_me_requires_auth" time="0.100" /><testcase classname="backend.tests.backend_test.TestAuth" name="test_me_returns_user" time="0.044" /><testcase classname="backend.tests.backend_test.TestStocks" name="test_search_with_query" time="0.046" /><testcase classname="backend.tests.backend_test.TestStocks" name="test_search_empty_returns_popular" time="0.049" /><testcase classname="backend.tests.backend_test.TestStocks" name="test_quote_requires_auth" time="0.095" /><testcase classname="backend.tests.backend_test.TestStocks" name="test_quote_aapl" time="0.510" /><testcase classname="backend.tests.backend_test.TestStocks" name="test_history" time="0.069" /><testcase classname="backend.tests.backend_test.TestWatchlist" name="test_add_aapl" time="0.145" /><testcase classname="backend.tests.backend_test.TestWatchlist" name="test_list_watchlist" time="0.046" /><testcase classname="backend.tests.backend_test.TestWatchlist" name="test_add_duplicate_returns_400" time="0.045" /><testcase classname="backend.tests.backend_test.TestWatchlist" name="test_add_invalid_ticker_returns_404" time="0.766" /><testcase classname="backend.tests.backend_test.TestWatchlist" name="test_fill_to_max_then_exceed" time="1.852" /><testcase classname="backend.tests.backend_test.TestWatchlist" name="test_live_watchlist" time="0.501" /><testcase classname="backend.tests.backend_test.TestWatchlist" name="test_delete_watchlist" time="0.091" /><testcase classname="backend.tests.backend_test.TestAnalysis" name="test_analysis_shape" time="31.684" /><testcase classname="backend.tests.backend_test.TestAnalysis" name="test_latest" time="0.091" /><testcase classname="backend.tests.backend_test.TestAnalysis" name="test_history" time="0.044" /><testcase classname="backend.tests.backend_test.TestAnalysis" name="test_quick_top" time="60.181"><failure message="AssertionError: The preview environment is not responding. It may be starting up.&#10;  &#10;assert 502 == 200&#10; +  where 502 = &lt;Response [502]&gt;.status_code">backend/tests/backend_test.py:244: in test_quick_top
    assert r.status_code == 200, r.text
E   AssertionError: The preview environment is not responding. It may be starting up.
E     
E   assert 502 == 200
E    +  where 502 = &lt;Response [502]&gt;.status_code</failure></testcase><testcase classname="backend.tests.backend_test.TestAnalysis" name="test_quick_bottom_empty_watchlist" time="3.114" /><testcase classname="backend.tests.backend_test.TestAlerts" name="test_list_alerts" time="0.048" /><testcase classname="backend.tests.backend_test.TestAlerts" name="test_read_all" time="0.048" /><testcase classname="backend.tests.backend_test.TestAlerts" name="test_read_nonexistent_alert" time="0.046" /><testcase classname="backend.tests.backend_test.TestAuthEnforcement" name="test_requires_auth[GET-/auth/me]" time="0.142" /><testcase classname="backend.tests.backend_test.TestAuthEnforcement" name="test_requires_auth[GET-/stocks/AAPL/quote]" time="0.106" /><testcase classname="backend.tests.backend_test.TestAuthEnforcement" name="test_requires_auth[GET-/stocks/AAPL/history]" time="0.103" /><testcase classname="backend.tests.backend_test.TestAuthEnforcement" name="test_requires_auth[GET-/watchlist]" time="0.100" /><testcase classname="backend.tests.backend_test.TestAuthEnforcement" name="test_requires_auth[POST-/watchlist]" time="0.098" /><testcase classname="backend.tests.backend_test.TestAuthEnforcement" name="test_requires_auth[GET-/watchlist/live]" time="0.147" /><testcase classname="backend.tests.backend_test.TestAuthEnforcement" name="test_requires_auth[POST-/analysis/AAPL]" time="0.106" /><testcase classname="backend.tests.backend_test.TestAuthEnforcement" name="test_requires_auth[GET-/analysis/AAPL/latest]" time="0.102" /><testcase classname="backend.tests.backend_test.TestAuthEnforcement" name="test_requires_auth[GET-/analysis/AAPL/history]" time="0.100" /><testcase classname="backend.tests.backend_test.TestAuthEnforcement" name="test_requires_auth[POST-/analysis/quick/top]" time="0.116" /><testcase classname="backend.tests.backend_test.TestAuthEnforcement" name="test_requires_auth[GET-/alerts]" time="0.103" /><testcase classname="backend.tests.backend_test.TestAuthEnforcement" name="test_requires_auth[POST-/alerts/read_all]" time="0.110" /></testsuite></testsuites>