<?xml version="1.0" encoding="utf-8"?><testsuites name="pytest tests"><testsuite name="pytest" errors="0" failures="0" skipped="0" tests="19" time="10.026" timestamp="2026-05-06T07:00:06.247909+00:00" hostname="agent-env-46f95d42-5fd6-4b50-9057-08a57a221843"><testcase classname="tests.test_stockkids_v1beta.TestSignupTiers" name="test_under13_with_parent_returns_awaiting" time="1.308" /><testcase classname="tests.test_stockkids_v1beta.TestSignupTiers" name="test_under13_without_parent_email_400" time="0.051" /><testcase classname="tests.test_stockkids_v1beta.TestSignupTiers" name="test_under8_rejected" time="0.048" /><testcase classname="tests.test_stockkids_v1beta.TestSignupTiers" name="test_age13_instant_active" time="0.274" /><testcase classname="tests.test_stockkids_v1beta.TestSignupTiers" name="test_age18_instant_active" time="0.271" /><testcase classname="tests.test_stockkids_v1beta.TestLoginGate" name="test_login_awaiting_returns_403" time="0.872" /><testcase classname="tests.test_stockkids_v1beta.TestLoginGate" name="test_login_wrong_pw_on_awaiting_returns_401" time="0.268" /><testcase classname="tests.test_stockkids_v1beta.TestParentalConsent" name="test_full_consent_flow" time="3.744" /><testcase classname="tests.test_stockkids_v1beta.TestParentalConsent" name="test_resend_supersedes_old_token" time="0.958" /><testcase classname="tests.test_stockkids_v1beta.TestParentalConsent" name="test_resend_on_active_kid_no_leak" time="0.317" /><testcase classname="tests.test_stockkids_v1beta.TestParentalConsent" name="test_resend_on_nonexistent_no_leak" time="0.048" /><testcase classname="tests.test_stockkids_v1beta.TestJournal" name="test_first_journal_awards_bonus" time="0.751" /><testcase classname="tests.test_stockkids_v1beta.TestJournal" name="test_journal_idempotent" time="0.184" /><testcase classname="tests.test_stockkids_v1beta.TestJournal" name="test_empty_why_422" time="0.045" /><testcase classname="tests.test_stockkids_v1beta.TestJournal" name="test_journal_unknown_trade_404" time="0.048" /><testcase classname="tests.test_stockkids_v1beta.TestJournal" name="test_get_journal_unknown_404" time="0.046" /><testcase classname="tests.test_stockkids_v1beta.TestJournal" name="test_list_journals_filtered" time="0.046" /><testcase classname="tests.test_stockkids_v1beta.TestJournal" name="test_daily_cap" time="0.273" /><testcase classname="tests.test_stockkids_v1beta.TestJournal" name="test_jwt_isolation_adult_token_rejected" time="0.314" /></testsuite></testsuites>