<?xml version="1.0" encoding="utf-8"?><testsuites name="pytest tests"><testsuite name="pytest" errors="0" failures="0" skipped="0" tests="9" time="56.840" timestamp="2026-04-24T23:09:32.622623+00:00" hostname="agent-env-46f95d42-5fd6-4b50-9057-08a57a221843"><testcase classname="backend.tests.test_iter22_telegram_prefs.TestGetPreferences" name="test_get_returns_shape_and_constants" time="0.593" /><testcase classname="backend.tests.test_iter22_telegram_prefs.TestGetPreferences" name="test_free_user_defaults_to_all" time="0.321" /><testcase classname="backend.tests.test_iter22_telegram_prefs.TestPostPreferencesValid" name="test_set_alert_types_subset_persists" time="0.104" /><testcase classname="backend.tests.test_iter22_telegram_prefs.TestPostPreferencesValid" name="test_set_alert_modes_subset_persists_independently" time="0.098" /><testcase classname="backend.tests.test_iter22_telegram_prefs.TestPostPreferencesInvalid" name="test_invalid_alert_type_returns_400" time="0.049" /><testcase classname="backend.tests.test_iter22_telegram_prefs.TestPostPreferencesInvalid" name="test_invalid_alert_mode_returns_400" time="0.048" /><testcase classname="backend.tests.test_iter22_telegram_prefs.TestPostPreferencesInvalid" name="test_non_list_alert_types_returns_400" time="0.050" /><testcase classname="backend.tests.test_iter22_telegram_prefs.TestAlertModePersisted" name="test_alert_row_mode_matches_analysis_mode" time="55.239" /><testcase classname="backend.tests.test_iter22_telegram_prefs.TestFilterEnforcementDoesNotCrash" name="test_restrict_types_then_post_does_not_crash" time="0.203" /></testsuite></testsuites>