<?xml version="1.0" encoding="utf-8"?><testsuites name="pytest tests"><testsuite name="pytest" errors="4" failures="0" skipped="0" tests="39" time="9.161" timestamp="2026-04-20T08:51:47.558479+00:00" hostname="agent-env-46f95d42-5fd6-4b50-9057-08a57a221843"><testcase classname="backend.tests.backend_test.TestHealth" name="test_root" time="0.183" /><testcase classname="backend.tests.backend_test.TestAuth" name="test_register_returns_token_and_user" time="0.276" /><testcase classname="backend.tests.backend_test.TestAuth" name="test_register_duplicate_email" time="0.045" /><testcase classname="backend.tests.backend_test.TestAuth" name="test_login_success" time="0.353" /><testcase classname="backend.tests.backend_test.TestAuth" name="test_login_invalid" time="0.355" /><testcase classname="backend.tests.backend_test.TestAuth" name="test_me_requires_auth" time="0.141" /><testcase classname="backend.tests.backend_test.TestAuth" name="test_me_returns_user" time="0.052" /><testcase classname="backend.tests.backend_test.TestStocks" name="test_search_with_query" time="0.042" /><testcase classname="backend.tests.backend_test.TestStocks" name="test_search_empty_returns_popular" time="0.083" /><testcase classname="backend.tests.backend_test.TestStocks" name="test_quote_requires_auth" time="0.140" /><testcase classname="backend.tests.backend_test.TestStocks" name="test_quote_aapl" time="0.690" /><testcase classname="backend.tests.backend_test.TestStocks" name="test_history" time="0.133" /><testcase classname="backend.tests.backend_test.TestWatchlist" name="test_add_aapl" time="0.144" /><testcase classname="backend.tests.backend_test.TestWatchlist" name="test_list_watchlist" time="0.044" /><testcase classname="backend.tests.backend_test.TestWatchlist" name="test_add_duplicate_returns_400" time="0.043" /><testcase classname="backend.tests.backend_test.TestWatchlist" name="test_add_invalid_ticker_returns_404" time="0.854" /><testcase classname="backend.tests.backend_test.TestWatchlist" name="test_fill_to_max_then_exceed" time="2.247" /><testcase classname="backend.tests.backend_test.TestWatchlist" name="test_live_watchlist" time="0.488" /><testcase classname="backend.tests.backend_test.TestWatchlist" name="test_delete_watchlist" time="0.126" /><testcase classname="backend.tests.backend_test.TestAnalysis" name="test_analysis_shape" time="0.700"><error message="failed on setup with &quot;AssertionError: analysis failed: 500 Internal Server Error&#10;assert 500 == 200&#10; +  where 500 = &lt;Response [500]&gt;.status_code&quot;">backend/tests/backend_test.py:199: in analysis_doc
    assert r.status_code == 200, f"analysis failed: {r.status_code} {r.text[:500]}"
E   AssertionError: analysis failed: 500 Internal Server Error
E   assert 500 == 200
E    +  where 500 = &lt;Response [500]&gt;.status_code</error></testcase><testcase classname="backend.tests.backend_test.TestAnalysis" name="test_latest" time="0.000"><error message="failed on setup with &quot;AssertionError: analysis failed: 500 Internal Server Error&#10;assert 500 == 200&#10; +  where 500 = &lt;Response [500]&gt;.status_code&quot;">backend/tests/backend_test.py:199: in analysis_doc
    assert r.status_code == 200, f"analysis failed: {r.status_code} {r.text[:500]}"
E   AssertionError: analysis failed: 500 Internal Server Error
E   assert 500 == 200
E    +  where 500 = &lt;Response [500]&gt;.status_code</error></testcase><testcase classname="backend.tests.backend_test.TestAnalysis" name="test_history" time="0.000"><error message="failed on setup with &quot;AssertionError: analysis failed: 500 Internal Server Error&#10;assert 500 == 200&#10; +  where 500 = &lt;Response [500]&gt;.status_code&quot;">backend/tests/backend_test.py:199: in analysis_doc
    assert r.status_code == 200, f"analysis failed: {r.status_code} {r.text[:500]}"
E   AssertionError: analysis failed: 500 Internal Server Error
E   assert 500 == 200
E    +  where 500 = &lt;Response [500]&gt;.status_code</error></testcase><testcase classname="backend.tests.backend_test.TestAnalysis" name="test_quick_top" time="0.000"><error message="failed on setup with &quot;AssertionError: analysis failed: 500 Internal Server Error&#10;assert 500 == 200&#10; +  where 500 = &lt;Response [500]&gt;.status_code&quot;">backend/tests/backend_test.py:199: in analysis_doc
    assert r.status_code == 200, f"analysis failed: {r.status_code} {r.text[:500]}"
E   AssertionError: analysis failed: 500 Internal Server Error
E   assert 500 == 200
E    +  where 500 = &lt;Response [500]&gt;.status_code</error></testcase><testcase classname="backend.tests.backend_test.TestAnalysis" name="test_quick_bottom_empty_watchlist" time="0.348" /><testcase classname="backend.tests.backend_test.TestAlerts" name="test_list_alerts" time="0.044" /><testcase classname="backend.tests.backend_test.TestAlerts" name="test_read_all" time="0.043" /><testcase classname="backend.tests.backend_test.TestAlerts" name="test_read_nonexistent_alert" time="0.042" /><testcase classname="backend.tests.backend_test.TestAuthEnforcement" name="test_requires_auth[GET-/auth/me]" time="0.123" /><testcase classname="backend.tests.backend_test.TestAuthEnforcement" name="test_requires_auth[GET-/stocks/AAPL/quote]" time="0.117" /><testcase classname="backend.tests.backend_test.TestAuthEnforcement" name="test_requires_auth[GET-/stocks/AAPL/history]" time="0.148" /><testcase classname="backend.tests.backend_test.TestAuthEnforcement" name="test_requires_auth[GET-/watchlist]" time="0.151" /><testcase classname="backend.tests.backend_test.TestAuthEnforcement" name="test_requires_auth[POST-/watchlist]" time="0.099" /><testcase classname="backend.tests.backend_test.TestAuthEnforcement" name="test_requires_auth[GET-/watchlist/live]" time="0.103" /><testcase classname="backend.tests.backend_test.TestAuthEnforcement" name="test_requires_auth[POST-/analysis/AAPL]" time="0.113" /><testcase classname="backend.tests.backend_test.TestAuthEnforcement" name="test_requires_auth[GET-/analysis/AAPL/latest]" time="0.103" /><testcase classname="backend.tests.backend_test.TestAuthEnforcement" name="test_requires_auth[GET-/analysis/AAPL/history]" time="0.117" /><testcase classname="backend.tests.backend_test.TestAuthEnforcement" name="test_requires_auth[POST-/analysis/quick/top]" time="0.103" /><testcase classname="backend.tests.backend_test.TestAuthEnforcement" name="test_requires_auth[GET-/alerts]" time="0.116" /><testcase classname="backend.tests.backend_test.TestAuthEnforcement" name="test_requires_auth[POST-/alerts/read_all]" time="0.101" /></testsuite></testsuites>